This is pdfTeX, Version 3.14159265-2.6-1.40.16 (TeX Live 2015/Debian) (preloaded format=pdflatex 2017.9.22)  18 JUN 2018 13:57
entering extended mode
 restricted \write18 enabled.
 %&-line parsing enabled.
**mainrep.tex
(./mainrep.tex
LaTeX2e <2016/02/01>
Babel <3.9q> and hyphenation patterns for 81 language(s) loaded.
(./iitbreport.cls
Document Class: iitbreport 23/10/2015 IIT Bombay Report class v 1.2
Document Class 'iitbreport' v1.2beta <10 Feb 16>
(/usr/share/texlive/texmf-dist/tex/latex/base/report.cls
Document Class: report 2014/09/29 v1.4h Standard LaTeX document class
(/usr/share/texlive/texmf-dist/tex/latex/base/size12.clo
File: size12.clo 2014/09/29 v1.4h Standard LaTeX file (size option)
)
\c@part=\count79
\c@chapter=\count80
\c@section=\count81
\c@subsection=\count82
\c@subsubsection=\count83
\c@paragraph=\count84
\c@subparagraph=\count85
\c@figure=\count86
\c@table=\count87
\abovecaptionskip=\skip41
\belowcaptionskip=\skip42
\bibindent=\dimen102
)
(/usr/share/texlive/texmf-dist/tex/latex/base/fontenc.sty
Package: fontenc 2005/09/27 v1.99g Standard LaTeX package

(/usr/share/texlive/texmf-dist/tex/latex/base/t1enc.def
File: t1enc.def 2005/09/27 v1.99g Standard LaTeX file
LaTeX Font Info:    Redeclaring font encoding T1 on input line 48.
))
(/usr/share/texlive/texmf-dist/tex/latex/amsmath/amsmath.sty
Package: amsmath 2016/03/03 v2.15a AMS math features
\@mathmargin=\skip43

For additional information on amsmath, use the `?' option.
(/usr/share/texlive/texmf-dist/tex/latex/amsmath/amstext.sty
Package: amstext 2000/06/29 v2.01 AMS text

(/usr/share/texlive/texmf-dist/tex/latex/amsmath/amsgen.sty
File: amsgen.sty 1999/11/30 v2.0 generic functions
\@emptytoks=\toks14
\ex@=\dimen103
))
(/usr/share/texlive/texmf-dist/tex/latex/amsmath/amsbsy.sty
Package: amsbsy 1999/11/29 v1.2d Bold Symbols
\pmbraise@=\dimen104
)
(/usr/share/texlive/texmf-dist/tex/latex/amsmath/amsopn.sty
Package: amsopn 1999/12/14 v2.01 operator names
)
\inf@bad=\count88
LaTeX Info: Redefining \frac on input line 199.
\uproot@=\count89
\leftroot@=\count90
LaTeX Info: Redefining \overline on input line 297.
\classnum@=\count91
\DOTSCASE@=\count92
LaTeX Info: Redefining \ldots on input line 394.
LaTeX Info: Redefining \dots on input line 397.
LaTeX Info: Redefining \cdots on input line 518.
\Mathstrutbox@=\box26
\strutbox@=\box27
\big@size=\dimen105
LaTeX Font Info:    Redeclaring font encoding OML on input line 630.
LaTeX Font Info:    Redeclaring font encoding OMS on input line 631.
\macc@depth=\count93
\c@MaxMatrixCols=\count94
\dotsspace@=\muskip10
\c@parentequation=\count95
\dspbrk@lvl=\count96
\tag@help=\toks15
\row@=\count97
\column@=\count98
\maxfields@=\count99
\andhelp@=\toks16
\eqnshift@=\dimen106
\alignsep@=\dimen107
\tagshift@=\dimen108
\tagwidth@=\dimen109
\totwidth@=\dimen110
\lineht@=\dimen111
\@envbody=\toks17
\multlinegap=\skip44
\multlinetaggap=\skip45
\mathdisplay@stack=\toks18
LaTeX Info: Redefining \[ on input line 2735.
LaTeX Info: Redefining \] on input line 2736.
)
(/usr/share/texlive/texmf-dist/tex/latex/amsfonts/amsfonts.sty
Package: amsfonts 2013/01/14 v3.01 Basic AMSFonts support
\symAMSa=\mathgroup4
\symAMSb=\mathgroup5
LaTeX Font Info:    Overwriting math alphabet `\mathfrak' in version `bold'
(Font)                  U/euf/m/n --> U/euf/b/n on input line 106.
)
(/usr/share/texlive/texmf-dist/tex/latex/amsfonts/amssymb.sty
Package: amssymb 2013/01/14 v3.01 AMS font symbols
)
(/usr/share/texlive/texmf-dist/tex/latex/xcolor/xcolor.sty
Package: xcolor 2007/01/21 v2.11 LaTeX color extensions (UK)

(/usr/share/texlive/texmf-dist/tex/latex/latexconfig/color.cfg
File: color.cfg 2007/01/18 v1.5 color configuration of teTeX/TeXLive
)
Package xcolor Info: Driver file: pdftex.def on input line 225.

(/usr/share/texlive/texmf-dist/tex/latex/pdftex-def/pdftex.def
File: pdftex.def 2011/05/27 v0.06d Graphics/color for pdfTeX

(/usr/share/texlive/texmf-dist/tex/generic/oberdiek/infwarerr.sty
Package: infwarerr 2010/04/08 v1.3 Providing info/warning/error messages (HO)
)
(/usr/share/texlive/texmf-dist/tex/generic/oberdiek/ltxcmds.sty
Package: ltxcmds 2011/11/09 v1.22 LaTeX kernel commands for general use (HO)
)
\Gread@gobject=\count100
)
Package xcolor Info: Model `cmy' substituted by `cmy0' on input line 1337.
Package xcolor Info: Model `hsb' substituted by `rgb' on input line 1341.
Package xcolor Info: Model `RGB' extended on input line 1353.
Package xcolor Info: Model `HTML' substituted by `rgb' on input line 1355.
Package xcolor Info: Model `Hsb' substituted by `hsb' on input line 1356.
Package xcolor Info: Model `tHsb' substituted by `hsb' on input line 1357.
Package xcolor Info: Model `HSB' substituted by `hsb' on input line 1358.
Package xcolor Info: Model `Gray' substituted by `gray' on input line 1359.
Package xcolor Info: Model `wave' substituted by `hsb' on input line 1360.
)
(/usr/share/texlive/texmf-dist/tex/latex/fancyhdr/fancyhdr.sty
\fancy@headwidth=\skip46
\f@ncyO@elh=\skip47
\f@ncyO@erh=\skip48
\f@ncyO@olh=\skip49
\f@ncyO@orh=\skip50
\f@ncyO@elf=\skip51
\f@ncyO@erf=\skip52
\f@ncyO@olf=\skip53
\f@ncyO@orf=\skip54
)
(/usr/share/texlive/texmf-dist/tex/latex/hyperref/hyperref.sty
Package: hyperref 2012/11/06 v6.83m Hypertext links for LaTeX

(/usr/share/texlive/texmf-dist/tex/generic/oberdiek/hobsub-hyperref.sty
Package: hobsub-hyperref 2012/05/28 v1.13 Bundle oberdiek, subset hyperref (HO)


(/usr/share/texlive/texmf-dist/tex/generic/oberdiek/hobsub-generic.sty
Package: hobsub-generic 2012/05/28 v1.13 Bundle oberdiek, subset generic (HO)
Package: hobsub 2012/05/28 v1.13 Construct package bundles (HO)
Package hobsub Info: Skipping package `infwarerr' (already loaded).
Package hobsub Info: Skipping package `ltxcmds' (already loaded).
Package: ifluatex 2010/03/01 v1.3 Provides the ifluatex switch (HO)
Package ifluatex Info: LuaTeX not detected.
Package: ifvtex 2010/03/01 v1.5 Detect VTeX and its facilities (HO)
Package ifvtex Info: VTeX not detected.
Package: intcalc 2007/09/27 v1.1 Expandable calculations with integers (HO)
Package: ifpdf 2011/01/30 v2.3 Provides the ifpdf switch (HO)
Package ifpdf Info: pdfTeX in PDF mode is detected.
Package: etexcmds 2011/02/16 v1.5 Avoid name clashes with e-TeX commands (HO)
Package etexcmds Info: Could not find \expanded.
(etexcmds)             That can mean that you are not using pdfTeX 1.50 or
(etexcmds)             that some package has redefined \expanded.
(etexcmds)             In the latter case, load this package earlier.
Package: kvsetkeys 2012/04/25 v1.16 Key value parser (HO)
Package: kvdefinekeys 2011/04/07 v1.3 Define keys (HO)
Package: pdftexcmds 2011/11/29 v0.20 Utility functions of pdfTeX for LuaTeX (HO
)
Package pdftexcmds Info: LuaTeX not detected.
Package pdftexcmds Info: \pdf@primitive is available.
Package pdftexcmds Info: \pdf@ifprimitive is available.
Package pdftexcmds Info: \pdfdraftmode found.
Package: pdfescape 2011/11/25 v1.13 Implements pdfTeX's escape features (HO)
Package: bigintcalc 2012/04/08 v1.3 Expandable calculations on big integers (HO
)
Package: bitset 2011/01/30 v1.1 Handle bit-vector datatype (HO)
Package: uniquecounter 2011/01/30 v1.2 Provide unlimited unique counter (HO)
)
Package hobsub Info: Skipping package `hobsub' (already loaded).
Package: letltxmacro 2010/09/02 v1.4 Let assignment for LaTeX macros (HO)
Package: hopatch 2012/05/28 v1.2 Wrapper for package hooks (HO)
Package: xcolor-patch 2011/01/30 xcolor patch
Package: atveryend 2011/06/30 v1.8 Hooks at the very end of document (HO)
Package atveryend Info: \enddocument detected (standard20110627).
Package: atbegshi 2011/10/05 v1.16 At begin shipout hook (HO)
Package: refcount 2011/10/16 v3.4 Data extraction from label references (HO)
Package: hycolor 2011/01/30 v1.7 Color options for hyperref/bookmark (HO)
)
(/usr/share/texlive/texmf-dist/tex/latex/graphics/keyval.sty
Package: keyval 2014/10/28 v1.15 key=value parser (DPC)
\KV@toks@=\toks19
)
(/usr/share/texlive/texmf-dist/tex/generic/ifxetex/ifxetex.sty
Package: ifxetex 2010/09/12 v0.6 Provides ifxetex conditional
)
(/usr/share/texlive/texmf-dist/tex/latex/oberdiek/auxhook.sty
Package: auxhook 2011/03/04 v1.3 Hooks for auxiliary files (HO)
)
(/usr/share/texlive/texmf-dist/tex/latex/oberdiek/kvoptions.sty
Package: kvoptions 2011/06/30 v3.11 Key value format for package options (HO)
)
\@linkdim=\dimen112
\Hy@linkcounter=\count101
\Hy@pagecounter=\count102

(/usr/share/texlive/texmf-dist/tex/latex/hyperref/pd1enc.def
File: pd1enc.def 2012/11/06 v6.83m Hyperref: PDFDocEncoding definition (HO)
)
\Hy@SavedSpaceFactor=\count103

(/usr/share/texlive/texmf-dist/tex/latex/latexconfig/hyperref.cfg
File: hyperref.cfg 2002/06/06 v1.2 hyperref configuration of TeXLive
)
Package hyperref Info: Option `bookmarks' set `true' on input line 4319.
Package hyperref Info: Option `breaklinks' set `true' on input line 4319.
Package hyperref Info: Option `pdffitwindow' set `true' on input line 4319.
Package hyperref Info: Option `pdfcenterwindow' set `true' on input line 4319.
Package hyperref Info: Option `pdfusetitle' set `true' on input line 4319.
Package hyperref Info: Hyper figures OFF on input line 4443.
Package hyperref Info: Link nesting OFF on input line 4448.
Package hyperref Info: Hyper index ON on input line 4451.
Package hyperref Info: Plain pages OFF on input line 4458.
Package hyperref Info: Backreferencing OFF on input line 4463.
Package hyperref Info: Implicit mode ON; LaTeX internals redefined.
Package hyperref Info: Bookmarks ON on input line 4688.
\c@Hy@tempcnt=\count104

(/usr/share/texlive/texmf-dist/tex/latex/url/url.sty
\Urlmuskip=\muskip11
Package: url 2013/09/16  ver 3.4  Verb mode for urls, etc.
)
LaTeX Info: Redefining \url on input line 5041.
\XeTeXLinkMargin=\dimen113
\Fld@menulength=\count105
\Field@Width=\dimen114
\Fld@charsize=\dimen115
Package hyperref Info: Hyper figures OFF on input line 6295.
Package hyperref Info: Link nesting OFF on input line 6300.
Package hyperref Info: Hyper index ON on input line 6303.
Package hyperref Info: backreferencing OFF on input line 6310.
Package hyperref Info: Link coloring OFF on input line 6315.
Package hyperref Info: Link coloring with OCG OFF on input line 6320.
Package hyperref Info: PDF/A mode OFF on input line 6325.
LaTeX Info: Redefining \ref on input line 6365.
LaTeX Info: Redefining \pageref on input line 6369.
\Hy@abspage=\count106
\c@Item=\count107
\c@Hfootnote=\count108
)

Package hyperref Message: Driver (autodetected): hpdftex.

(/usr/share/texlive/texmf-dist/tex/latex/hyperref/hpdftex.def
File: hpdftex.def 2012/11/06 v6.83m Hyperref driver for pdfTeX
\Fld@listcount=\count109
\c@bookmark@seq@number=\count110

(/usr/share/texlive/texmf-dist/tex/latex/oberdiek/rerunfilecheck.sty
Package: rerunfilecheck 2011/04/15 v1.7 Rerun checks for auxiliary files (HO)
Package uniquecounter Info: New unique counter `rerunfilecheck' on input line 2
82.
)
\Hy@SectionHShift=\skip55
)
(/usr/share/texlive/texmf-dist/tex/latex/txfonts/txfonts.sty
Package: txfonts 2008/01/22 v3.2.1
LaTeX Font Info:    Redeclaring symbol font `operators' on input line 21.
LaTeX Font Info:    Overwriting symbol font `operators' in version `normal'
(Font)                  OT1/cmr/m/n --> OT1/txr/m/n on input line 21.
LaTeX Font Info:    Overwriting symbol font `operators' in version `bold'
(Font)                  OT1/cmr/bx/n --> OT1/txr/m/n on input line 21.
LaTeX Font Info:    Overwriting symbol font `operators' in version `bold'
(Font)                  OT1/txr/m/n --> OT1/txr/bx/n on input line 22.
\symitalic=\mathgroup6
LaTeX Font Info:    Overwriting symbol font `italic' in version `bold'
(Font)                  OT1/txr/m/it --> OT1/txr/bx/it on input line 26.
LaTeX Font Info:    Redeclaring math alphabet \mathbf on input line 29.
LaTeX Font Info:    Overwriting math alphabet `\mathbf' in version `normal'
(Font)                  OT1/cmr/bx/n --> OT1/txr/bx/n on input line 29.
LaTeX Font Info:    Overwriting math alphabet `\mathbf' in version `bold'
(Font)                  OT1/cmr/bx/n --> OT1/txr/bx/n on input line 29.
LaTeX Font Info:    Redeclaring math alphabet \mathit on input line 30.
LaTeX Font Info:    Overwriting math alphabet `\mathit' in version `normal'
(Font)                  OT1/cmr/m/it --> OT1/txr/m/it on input line 30.
LaTeX Font Info:    Overwriting math alphabet `\mathit' in version `bold'
(Font)                  OT1/cmr/bx/it --> OT1/txr/m/it on input line 30.
LaTeX Font Info:    Overwriting math alphabet `\mathit' in version `bold'
(Font)                  OT1/txr/m/it --> OT1/txr/bx/it on input line 31.
LaTeX Font Info:    Redeclaring math alphabet \mathsf on input line 40.
LaTeX Font Info:    Overwriting math alphabet `\mathsf' in version `normal'
(Font)                  OT1/cmss/m/n --> OT1/txss/m/n on input line 40.
LaTeX Font Info:    Overwriting math alphabet `\mathsf' in version `bold'
(Font)                  OT1/cmss/bx/n --> OT1/txss/m/n on input line 40.
LaTeX Font Info:    Overwriting math alphabet `\mathsf' in version `bold'
(Font)                  OT1/txss/m/n --> OT1/txss/b/n on input line 41.
LaTeX Font Info:    Redeclaring math alphabet \mathtt on input line 50.
LaTeX Font Info:    Overwriting math alphabet `\mathtt' in version `normal'
(Font)                  OT1/cmtt/m/n --> OT1/txtt/m/n on input line 50.
LaTeX Font Info:    Overwriting math alphabet `\mathtt' in version `bold'
(Font)                  OT1/cmtt/m/n --> OT1/txtt/m/n on input line 50.
LaTeX Font Info:    Overwriting math alphabet `\mathtt' in version `bold'
(Font)                  OT1/txtt/m/n --> OT1/txtt/b/n on input line 51.
LaTeX Font Info:    Redeclaring symbol font `letters' on input line 58.
LaTeX Font Info:    Overwriting symbol font `letters' in version `normal'
(Font)                  OML/cmm/m/it --> OML/txmi/m/it on input line 58.
LaTeX Font Info:    Overwriting symbol font `letters' in version `bold'
(Font)                  OML/cmm/b/it --> OML/txmi/m/it on input line 58.
LaTeX Font Info:    Overwriting symbol font `letters' in version `bold'
(Font)                  OML/txmi/m/it --> OML/txmi/bx/it on input line 59.
\symlettersA=\mathgroup7
LaTeX Font Info:    Overwriting symbol font `lettersA' in version `bold'
(Font)                  U/txmia/m/it --> U/txmia/bx/it on input line 67.
LaTeX Font Info:    Redeclaring math alphabet \mathfrak on input line 70.
LaTeX Font Info:    Redeclaring symbol font `symbols' on input line 77.
LaTeX Font Info:    Overwriting symbol font `symbols' in version `normal'
(Font)                  OMS/cmsy/m/n --> OMS/txsy/m/n on input line 77.
LaTeX Font Info:    Overwriting symbol font `symbols' in version `bold'
(Font)                  OMS/cmsy/b/n --> OMS/txsy/m/n on input line 77.
LaTeX Font Info:    Overwriting symbol font `symbols' in version `bold'
(Font)                  OMS/txsy/m/n --> OMS/txsy/bx/n on input line 78.
LaTeX Font Info:    Redeclaring symbol font `AMSa' on input line 93.
LaTeX Font Info:    Overwriting symbol font `AMSa' in version `normal'
(Font)                  U/msa/m/n --> U/txsya/m/n on input line 93.
LaTeX Font Info:    Overwriting symbol font `AMSa' in version `bold'
(Font)                  U/msa/m/n --> U/txsya/m/n on input line 93.
LaTeX Font Info:    Overwriting symbol font `AMSa' in version `bold'
(Font)                  U/txsya/m/n --> U/txsya/bx/n on input line 94.
LaTeX Font Info:    Redeclaring symbol font `AMSb' on input line 102.
LaTeX Font Info:    Overwriting symbol font `AMSb' in version `normal'
(Font)                  U/msb/m/n --> U/txsyb/m/n on input line 102.
LaTeX Font Info:    Overwriting symbol font `AMSb' in version `bold'
(Font)                  U/msb/m/n --> U/txsyb/m/n on input line 102.
LaTeX Font Info:    Overwriting symbol font `AMSb' in version `bold'
(Font)                  U/txsyb/m/n --> U/txsyb/bx/n on input line 103.
\symsymbolsC=\mathgroup8
LaTeX Font Info:    Overwriting symbol font `symbolsC' in version `bold'
(Font)                  U/txsyc/m/n --> U/txsyc/bx/n on input line 113.
LaTeX Font Info:    Redeclaring symbol font `largesymbols' on input line 120.
LaTeX Font Info:    Overwriting symbol font `largesymbols' in version `normal'
(Font)                  OMX/cmex/m/n --> OMX/txex/m/n on input line 120.
LaTeX Font Info:    Overwriting symbol font `largesymbols' in version `bold'
(Font)                  OMX/cmex/m/n --> OMX/txex/m/n on input line 120.
LaTeX Font Info:    Overwriting symbol font `largesymbols' in version `bold'
(Font)                  OMX/txex/m/n --> OMX/txex/bx/n on input line 121.
\symlargesymbolsA=\mathgroup9
LaTeX Font Info:    Overwriting symbol font `largesymbolsA' in version `bold'
(Font)                  U/txexa/m/n --> U/txexa/bx/n on input line 129.
LaTeX Info: Redefining \not on input line 1043.
)
(/usr/share/texlive/texmf-dist/tex/latex/graphics/graphicx.sty
Package: graphicx 2014/10/28 v1.0g Enhanced LaTeX Graphics (DPC,SPQR)

(/usr/share/texlive/texmf-dist/tex/latex/graphics/graphics.sty
Package: graphics 2016/01/03 v1.0q Standard LaTeX Graphics (DPC,SPQR)

(/usr/share/texlive/texmf-dist/tex/latex/graphics/trig.sty
Package: trig 2016/01/03 v1.10 sin cos tan (DPC)
)
(/usr/share/texlive/texmf-dist/tex/latex/latexconfig/graphics.cfg
File: graphics.cfg 2010/04/23 v1.9 graphics configuration of TeX Live
)
Package graphics Info: Driver file: pdftex.def on input line 95.
)
\Gin@req@height=\dimen116
\Gin@req@width=\dimen117
)
(/usr/share/texlive/texmf-dist/tex/latex/base/ifthen.sty
Package: ifthen 2014/09/29 v1.1c Standard LaTeX ifthen package (DPC)
)
(/usr/share/texlive/texmf-dist/tex/latex/nomencl/nomencl.sty
Package: nomencl 2005/09/22 v4.2 Nomenclature package (LN)
\nomlabelwidth=\dimen118
\nom@tempdim=\dimen119
\nomitemsep=\skip56
)
\@nomenclaturefile=\write3
\openout3 = `mainrep.nlo'.


Writing nomenclature file mainrep.nlo
(/usr/share/texlive/texmf-dist/tex/latex/natbib/natbib.sty
Package: natbib 2010/09/13 8.31b (PWD, AO)
\bibhang=\skip57
\bibsep=\skip58
LaTeX Info: Redefining \cite on input line 694.
\c@NAT@ctr=\count111
)

Package Fancyhdr Warning: \fancyhead's `E' option without twoside option is use
less on input line 203.


) (/usr/share/texlive/texmf-dist/tex/latex/multirow/multirow.sty
\bigstrutjot=\dimen120
)
(/usr/share/texlive/texmf-dist/tex/latex/listings/listings.sty
\lst@mode=\count112
\lst@gtempboxa=\box28
\lst@token=\toks20
\lst@length=\count113
\lst@currlwidth=\dimen121
\lst@column=\count114
\lst@pos=\count115
\lst@lostspace=\dimen122
\lst@width=\dimen123
\lst@newlines=\count116
\lst@lineno=\count117
\lst@maxwidth=\dimen124

(/usr/share/texlive/texmf-dist/tex/latex/listings/lstmisc.sty
File: lstmisc.sty 2015/06/04 1.6 (Carsten Heinz)
\c@lstnumber=\count118
\lst@skipnumbers=\count119
\lst@framebox=\box29
)
(/usr/share/texlive/texmf-dist/tex/latex/listings/listings.cfg
File: listings.cfg 2015/06/04 1.6 listings configuration
))
Package: listings 2015/06/04 1.6 (Carsten Heinz)

(/usr/share/texlive/texmf-dist/tex/latex/float/float.sty
Package: float 2001/11/08 v1.3d Float enhancements (AL)
\c@float@type=\count120
\float@exts=\toks21
\float@box=\box30
\@float@everytoks=\toks22
\@floatcapt=\box31
)
(/usr/share/texlive/texmf-dist/tex/latex/tools/bm.sty
Package: bm 2014/10/28 v1.1c Bold Symbol Support (DPC/FMi)
\symboldoperators=\mathgroup10
\symboldletters=\mathgroup11
\symboldsymbols=\mathgroup12
\symboldlargesymbols=\mathgroup13
LaTeX Font Info:    Redeclaring math alphabet \mathbf on input line 141.
LaTeX Info: Redefining \bm on input line 207.
)
(/usr/share/texlive/texmf-dist/tex/latex/csvsimple/csvsimple.sty
Package: csvsimple 2014/07/14 version 1.12 LaTeX CSV file processing

(/usr/share/texlive/texmf-dist/tex/latex/pgf/utilities/pgfkeys.sty
(/usr/share/texlive/texmf-dist/tex/generic/pgf/utilities/pgfkeys.code.tex
\pgfkeys@pathtoks=\toks23
\pgfkeys@temptoks=\toks24

(/usr/share/texlive/texmf-dist/tex/generic/pgf/utilities/pgfkeysfiltered.code.t
ex
\pgfkeys@tmptoks=\toks25
)))
\csv@file=\read1
\c@csvinputline=\count121
\c@csvrow=\count122
\c@csvcol=\count123
\csv@out=\write4
) (/usr/share/texlive/texmf-dist/tex/latex/tools/longtable.sty
Package: longtable 2014/10/28 v4.11 Multi-page Table package (DPC)
\LTleft=\skip59
\LTright=\skip60
\LTpre=\skip61
\LTpost=\skip62
\LTchunksize=\count124
\LTcapwidth=\dimen125
\LT@head=\box32
\LT@firsthead=\box33
\LT@foot=\box34
\LT@lastfoot=\box35
\LT@cols=\count125
\LT@rows=\count126
\c@LT@tables=\count127
\c@LT@chunks=\count128
\LT@p@ftn=\toks26
)
(/usr/share/texlive/texmf-dist/tex/latex/booktabs/booktabs.sty
Package: booktabs 2005/04/14 v1.61803 publication quality tables
\heavyrulewidth=\dimen126
\lightrulewidth=\dimen127
\cmidrulewidth=\dimen128
\belowrulesep=\dimen129
\belowbottomsep=\dimen130
\aboverulesep=\dimen131
\abovetopsep=\dimen132
\cmidrulesep=\dimen133
\cmidrulekern=\dimen134
\defaultaddspace=\dimen135
\@cmidla=\count129
\@cmidlb=\count130
\@aboverulesep=\dimen136
\@belowrulesep=\dimen137
\@thisruleclass=\count131
\@lastruleclass=\count132
\@thisrulewidth=\dimen138
) (./mainrep.aux
(./abs.aux) (./intro/introduction.aux) (./lit/literature.aux)
(./OpenFOAM/OpenFOAM.aux) (./geometry/geometry.aux)
(./optimization/optimization.aux)
(./surrogate_model_CFD/surrogate_model_CFD.aux)
(./surrogate_model_CFD_results/surrogate_model_CFD_results.aux)
(./Hoop_stress/Hoop_stress.aux) (./rnd/results.aux)
(./futureplan/futureplan.aux) (./appendix.aux))
\openout1 = `mainrep.aux'.

LaTeX Font Info:    Checking defaults for OML/txmi/m/it on input line 74.
LaTeX Font Info:    Try loading font information for OML+txmi on input line 74.


(/usr/share/texlive/texmf-dist/tex/latex/txfonts/omltxmi.fd
File: omltxmi.fd 2000/12/15 v3.1
)
LaTeX Font Info:    ... okay on input line 74.
LaTeX Font Info:    Checking defaults for T1/cmr/m/n on input line 74.
LaTeX Font Info:    ... okay on input line 74.
LaTeX Font Info:    Checking defaults for OT1/cmr/m/n on input line 74.
LaTeX Font Info:    ... okay on input line 74.
LaTeX Font Info:    Checking defaults for OMS/txsy/m/n on input line 74.
LaTeX Font Info:    Try loading font information for OMS+txsy on input line 74.


(/usr/share/texlive/texmf-dist/tex/latex/txfonts/omstxsy.fd
File: omstxsy.fd 2000/12/15 v3.1
)
LaTeX Font Info:    ... okay on input line 74.
LaTeX Font Info:    Checking defaults for OMX/txex/m/n on input line 74.
LaTeX Font Info:    Try loading font information for OMX+txex on input line 74.


(/usr/share/texlive/texmf-dist/tex/latex/txfonts/omxtxex.fd
File: omxtxex.fd 2000/12/15 v3.1
)
LaTeX Font Info:    ... okay on input line 74.
LaTeX Font Info:    Checking defaults for U/txexa/m/n on input line 74.
LaTeX Font Info:    Try loading font information for U+txexa on input line 74.

(/usr/share/texlive/texmf-dist/tex/latex/txfonts/utxexa.fd
File: utxexa.fd 2000/12/15 v3.1
)
LaTeX Font Info:    ... okay on input line 74.
LaTeX Font Info:    Checking defaults for PD1/pdf/m/n on input line 74.
LaTeX Font Info:    ... okay on input line 74.
LaTeX Font Info:    Try loading font information for T1+txr on input line 74.

(/usr/share/texlive/texmf-dist/tex/latex/txfonts/t1txr.fd
File: t1txr.fd 2000/12/15 v3.1
)
(/usr/share/texlive/texmf-dist/tex/context/base/supp-pdf.mkii
[Loading MPS to PDF converter (version 2006.09.02).]
\scratchcounter=\count133
\scratchdimen=\dimen139
\scratchbox=\box36
\nofMPsegments=\count134
\nofMParguments=\count135
\everyMPshowfont=\toks27
\MPscratchCnt=\count136
\MPscratchDim=\dimen140
\MPnumerator=\count137
\makeMPintoPDFobject=\count138
\everyMPtoPDFconversion=\toks28
)
\AtBeginShipoutBox=\box37
Package hyperref Info: Link coloring OFF on input line 74.
 (/usr/share/texlive/texmf-dist/tex/latex/hyperref/nameref.sty
Package: nameref 2012/10/27 v2.43 Cross-referencing by name of section

(/usr/share/texlive/texmf-dist/tex/generic/oberdiek/gettitlestring.sty
Package: gettitlestring 2010/12/03 v1.4 Cleanup title references (HO)
)
\c@section@level=\count139
)
LaTeX Info: Redefining \ref on input line 74.
LaTeX Info: Redefining \pageref on input line 74.
LaTeX Info: Redefining \nameref on input line 74.

(./mainrep.out) (./mainrep.out)
\@outlinefile=\write5
\openout5 = `mainrep.out'.


(/usr/share/texlive/texmf-dist/tex/latex/oberdiek/epstopdf-base.sty
Package: epstopdf-base 2010/02/09 v2.5 Base part for package epstopdf

(/usr/share/texlive/texmf-dist/tex/latex/oberdiek/grfext.sty
Package: grfext 2010/08/19 v1.1 Manage graphics extensions (HO)
)
Package grfext Info: Graphics extension search list:
(grfext)             [.png,.pdf,.jpg,.mps,.jpeg,.jbig2,.jb2,.PNG,.PDF,.JPG,.JPE
G,.JBIG2,.JB2,.eps]
(grfext)             \AppendGraphicsExtensions on input line 452.

(/usr/share/texlive/texmf-dist/tex/latex/latexconfig/epstopdf-sys.cfg
File: epstopdf-sys.cfg 2010/07/13 v1.3 Configuration of (r)epstopdf for TeX Liv
e
))
\c@lstlisting=\count140
LaTeX Font Info:    Try loading font information for T1+ptm on input line 121.

(/usr/share/texlive/texmf-dist/tex/latex/psnfss/t1ptm.fd
File: t1ptm.fd 2001/06/04 font definitions for T1/ptm.
)
LaTeX Font Info:    Try loading font information for T1+phv on input line 121.

(/usr/share/texlive/texmf-dist/tex/latex/psnfss/t1phv.fd
File: t1phv.fd 2001/06/04 scalable font definitions for T1/phv.
)
LaTeX Font Info:    Font shape `T1/phv/bx/n' in size <20.74> not available
(Font)              Font shape `T1/phv/b/n' tried instead on input line 121.
LaTeX Font Info:    Try loading font information for T1+ppl on input line 121.

(/usr/share/texlive/texmf-dist/tex/latex/psnfss/t1ppl.fd
File: t1ppl.fd 2001/06/04 font definitions for T1/ppl.
)
LaTeX Font Info:    Font shape `T1/ptm/bx/n' in size <14.4> not available
(Font)              Font shape `T1/ptm/b/n' tried instead on input line 121.

<iitb-black.pdf, id=209, 557.08125pt x 533.995pt>
File: iitb-black.pdf Graphic file (type pdf)
 <use iitb-black.pdf>
Package pdftex.def Info: iitb-black.pdf used on input line 121.
(pdftex.def)             Requested size: 120.0pt x 115.02669pt.
 [1

{/var/lib/texmf/fonts/map/pdftex/updmap/pdftex.map} <./iitb-black.pdf>]
LaTeX Font Info:    Try loading font information for OT1+txr on input line 141.


(/usr/share/texlive/texmf-dist/tex/latex/txfonts/ot1txr.fd
File: ot1txr.fd 2000/12/15 v3.1
)
LaTeX Font Info:    Try loading font information for U+txsya on input line 141.


(/usr/share/texlive/texmf-dist/tex/latex/txfonts/utxsya.fd
File: utxsya.fd 2000/12/15 v3.1
)
LaTeX Font Info:    Try loading font information for U+txsyb on input line 141.


(/usr/share/texlive/texmf-dist/tex/latex/txfonts/utxsyb.fd
File: utxsyb.fd 2000/12/15 v3.1
)
LaTeX Font Info:    Try loading font information for U+txmia on input line 141.


(/usr/share/texlive/texmf-dist/tex/latex/txfonts/utxmia.fd
File: utxmia.fd 2000/12/15 v3.1
)
LaTeX Font Info:    Try loading font information for U+txsyc on input line 141.


(/usr/share/texlive/texmf-dist/tex/latex/txfonts/utxsyc.fd
File: utxsyc.fd 2000/12/15 v3.1
)pdfTeX warning (ext4): destination with the same identifier (name{page.i}) has
 been already used, duplicate ignored
<to be read again> 
                   \relax 
l.160 \include{abs}
                    [1

]
\openout2 = `abs.aux'.

 (./abs.tex
LaTeX Font Info:    Try loading font information for OMS+txr on input line 8.

(/usr/share/texlive/texmf-dist/tex/latex/txfonts/omstxr.fd
File: omstxr.fd 2000/12/15 v3.1
)
LaTeX Font Info:    Font shape `OMS/txr/m/n' in size <8> not available
(Font)              Font shape `OMS/txsy/m/n' tried instead on input line 8.
) [2



] (./mainrep.toc
LaTeX Font Info:    Font shape `OMS/txr/bx/n' in size <8> not available
(Font)              Font shape `OMS/txsy/bx/n' tried instead on input line 9.
[3



])
\tf@toc=\write6
\openout6 = `mainrep.toc'.

 [4] (./mainrep.lof [5


])
\tf@lof=\write7
\openout7 = `mainrep.lof'.

 [6] (./mainrep.lot)
\tf@lot=\write8
\openout8 = `mainrep.lot'.

 [7


]
No file mainrep.nls.
\openout2 = `intro/introduction.aux'.

(./intro/introduction.tex
Chapter 1.
<intro/Stratellite.jpg, id=449, 333.49594pt x 146.79843pt>
File: intro/Stratellite.jpg Graphic file (type jpg)

<use intro/Stratellite.jpg>
Package pdftex.def Info: intro/Stratellite.jpg used on input line 9.
(pdftex.def)             Requested size: 333.49512pt x 146.79807pt.

Underfull \hbox (badness 10000) in paragraph at lines 14--15

 []

[1





pdfTeX warning (ext4): destination with the same identifier (name{figure.1.1}) 
has been already used, duplicate ignored

\AtBegShi@Output ...ipout \box \AtBeginShipoutBox 
                                                  \fi \fi 
l.18 \section
             {Report layout} <./intro/Stratellite.jpg>]
<layout/report_layout.png, id=470, 690.58pt x 868.24374pt>
File: layout/report_layout.png Graphic file (type png)

<use layout/report_layout.png>
Package pdftex.def Info: layout/report_layout.png used on input line 29.
(pdftex.def)             Requested size: 426.79134pt x 536.59653pt.
 [2]) [3pdfTeX warning (ext4): destination with the same identifier (name{figur
e.1.2}) has been already used, duplicate ignored

\AtBegShi@Output ...ipout \box \AtBeginShipoutBox 
                                                  \fi \fi 
l.183 \include{intro/introduction}
                                   <./layout/report_layout.png>]
\openout2 = `lit/literature.aux'.


(./lit/literature.tex
Chapter 2.
[4



] [5]
Underfull \hbox (badness 1122) in paragraph at lines 35--37
[]\T1/txr/bx/n/12 Shape gen-er-a-tion al-go-rithm: \T1/txr/m/n/12 The shape gen
-er-a-tion al-go-rithm pro-posed by
 []


Underfull \hbox (badness 1057) in paragraph at lines 41--42
[]\T1/txr/m/n/12 The next chap-ter in-ves-ti-gates en-ve-lope shape gen-er-a-ti
on al-go-rithms for non-
 []

) [6]
\openout2 = `OpenFOAM/OpenFOAM.aux'.

 (./OpenFOAM/OpenFOAM.tex
Chapter 3.
LaTeX Font Info:    Font shape `OMS/txr/bx/n' in size <20.74> not available
(Font)              Font shape `OMS/txsy/bx/n' tried instead on input line 1.
LaTeX Font Info:    Try loading font information for T1+txtt on input line 10.
(/usr/share/texlive/texmf-dist/tex/latex/txfonts/t1txtt.fd
File: t1txtt.fd 2000/12/15 v3.1
) [7



]
Underfull \hbox (badness 1303) in paragraph at lines 24--25
[]\T1/txr/m/n/12 Automatic mesh gen-er-a-tion util-ity called \T1/txr/m/it/12 S
nap-py-HexMesh \T1/txr/m/n/12 comes along with
 []

<mesh/snappyHexMesh.png, id=540, 510.90875pt x 616.3025pt>
File: mesh/snappyHexMesh.png Graphic file (type png)

<use mesh/snappyHexMesh.png>
Package pdftex.def Info: mesh/snappyHexMesh.png used on input line 37.
(pdftex.def)             Requested size: 180.0pt x 217.1291pt.
 [8]
<rnd/viscous_layers.png, id=549, 2025.5675pt x 1122.1925pt>
File: rnd/viscous_layers.png Graphic file (type png)

<use rnd/viscous_layers.png>
Package pdftex.def Info: rnd/viscous_layers.png used on input line 54.
(pdftex.def)             Requested size: 300.0pt x 166.19832pt.
 [9pdfTeX warning (ext4): destination with the same identifier (name{figure.3.1
}) has been already used, duplicate ignored

\AtBegShi@Output ...ipout \box \AtBeginShipoutBox 
                                                  \fi \fi 
l.58 
      <./mesh/snappyHexMesh.png>]
LaTeX Font Info:    Font shape `OMS/txr/bx/n' in size <12> not available
(Font)              Font shape `OMS/txsy/bx/n' tried instead on input line 59.


Package hyperref Warning: Token not allowed in a PDF string (PDFDocEncoding):
(hyperref)                removing `\mathsurround' on input line 59.


Package hyperref Warning: Token not allowed in a PDF string (PDFDocEncoding):
(hyperref)                removing `\z@' on input line 59.


Package hyperref Warning: Token not allowed in a PDF string (PDFDocEncoding):
(hyperref)                removing `superscript' on input line 59.

<rnd/all_profiles.png, id=560, 1160.335pt x 511.9125pt>
File: rnd/all_profiles.png Graphic file (type png)

<use rnd/all_profiles.png>
Package pdftex.def Info: rnd/all_profiles.png used on input line 66.
(pdftex.def)             Requested size: 400.0pt x 176.4694pt.
LaTeX Font Info:    Font shape `OMS/txr/m/n' in size <12> not available
(Font)              Font shape `OMS/txsy/m/n' tried instead on input line 72.
LaTeX Font Info:    Font shape `OMS/txr/m/it' in size <8> not available
(Font)              Font shape `OMS/txsy/m/n' tried instead on input line 76.
 [10pdfTeX warning (ext4): destination with the same identifier (name{figure.3.
2}) has been already used, duplicate ignored

\AtBegShi@Output ...ipout \box \AtBeginShipoutBox 
                                                  \fi \fi 
l.76 	\item O
             penFOAM\textsuperscript{\textregistered} version = 4.1pdfTeX warni
ng (ext4): destination with the same identifier (name{figure.3.3}) has been alr
eady used, duplicate ignored

\AtBegShi@Output ...ipout \box \AtBeginShipoutBox 
                                                  \fi \fi 
l.76 	\item O
             penFOAM\textsuperscript{\textregistered} version = 4.1 <./rnd/visc
ous_layers.png (PNG copy)> <./rnd/all_profiles.png>]
<rnd/GNVR_cp.png, id=571, 578.16pt x 433.62pt>
File: rnd/GNVR_cp.png Graphic file (type png)
 <use rnd/GNVR_cp.png>
Package pdftex.def Info: rnd/GNVR_cp.png used on input line 120.
(pdftex.def)             Requested size: 270.0pt x 202.49797pt.
 [11pdfTeX warning (ext4): destination with the same identifier (name{table.3.1
}) has been already used, duplicate ignored

\AtBegShi@Output ...ipout \box \AtBeginShipoutBox 
                                                  \fi \fi 
l.124 
      ] <rnd/zhiyuan_equations.png, id=586, 1073.00874pt x 568.1225pt>
File: rnd/zhiyuan_equations.png Graphic file (type png)

<use rnd/zhiyuan_equations.png>
Package pdftex.def Info: rnd/zhiyuan_equations.png used on input line 131.
(pdftex.def)             Requested size: 400.0pt x 211.77975pt.

<rnd/pressure_zhiyuan.png, id=590, 1034.86626pt x 589.20125pt>
File: rnd/pressure_zhiyuan.png Graphic file (type png)

<use rnd/pressure_zhiyuan.png>
Package pdftex.def Info: rnd/pressure_zhiyuan.png used on input line 136.
(pdftex.def)             Requested size: 300.0pt x 170.80104pt.
 [12pdfTeX warning (ext4): destination with the same identifier (name{figure.3.
4}) has been already used, duplicate ignored

\AtBegShi@Output ...ipout \box \AtBeginShipoutBox 
                                                  \fi \fi 
l.139 \end{figure}
                   <./rnd/GNVR_cp.png> <./rnd/zhiyuan_equations.png>]
<rnd/zhiyuan_cp.png, id=602, 578.16pt x 433.62pt>
File: rnd/zhiyuan_cp.png Graphic file (type png)
 <use rnd/zhiyuan_cp.png>
Package pdftex.def Info: rnd/zhiyuan_cp.png used on input line 167.
(pdftex.def)             Requested size: 270.0pt x 202.49797pt.

[13pdfTeX warning (ext4): destination with the same identifier (name{figure.3.5
}) has been already used, duplicate ignored

\AtBegShi@Output ...ipout \box \AtBeginShipoutBox 
                                                  \fi \fi 
l.171 
      pdfTeX warning (ext4): destination with the same identifier (name{table.3
.2}) has been already used, duplicate ignored

\AtBegShi@Output ...ipout \box \AtBeginShipoutBox 
                                                  \fi \fi 
l.171 
       <./rnd/pressure_zhiyuan.png (PNG copy)>] [14pdfTeX warning (ext4): desti
nation with the same identifier (name{figure.3.6}) has been already used, dupli
cate ignored

\AtBegShi@Output ...ipout \box \AtBeginShipoutBox 
                                                  \fi \fi 
l.218 
      pdfTeX warning (ext4): destination with the same identifier (name{table.3
.3}) has been already used, duplicate ignored

\AtBegShi@Output ...ipout \box \AtBeginShipoutBox 
                                                  \fi \fi 
l.218 
       <./rnd/zhiyuan_cp.png>]
<rnd/wang_cp.png, id=629, 578.16pt x 434.5836pt>
File: rnd/wang_cp.png Graphic file (type png)
 <use rnd/wang_cp.png>
Package pdftex.def Info: rnd/wang_cp.png used on input line 223.
(pdftex.def)             Requested size: 300.0pt x 225.50069pt.
 [15pdfTeX warning (ext4): destination with the same identifier (name{table.3.4
}) has been already used, duplicate ignored

\AtBegShi@Output ...ipout \box \AtBeginShipoutBox 
                                                  \fi \fi 
l.246 \end{equation}
                    pdfTeX warning (ext4): destination with the same identifier
 (name{figure.3.7}) has been already used, duplicate ignored

\AtBegShi@Output ...ipout \box \AtBeginShipoutBox 
                                                  \fi \fi 
l.246 \end{equation}
                    pdfTeX warning (ext4): destination with the same identifier
 (name{table.3.5}) has been already used, duplicate ignored

\AtBegShi@Output ...ipout \box \AtBeginShipoutBox 
                                                  \fi \fi 
l.246 \end{equation}
                     <./rnd/wang_cp.png>]
<rnd/NPL_cp.png, id=639, 578.16pt x 434.5836pt>
File: rnd/NPL_cp.png Graphic file (type png)
 <use rnd/NPL_cp.png>
Package pdftex.def Info: rnd/NPL_cp.png used on input line 285.
(pdftex.def)             Requested size: 300.0pt x 225.50069pt.
 [16pdfTeX warning (ext4): destination with the same identifier (name{table.3.6
}) has been already used, duplicate ignored

\AtBegShi@Output ...ipout \box \AtBeginShipoutBox 
                                                  \fi \fi 
l.289 
      ] [17pdfTeX warning (ext4): destination with the same identifier (name{fi
gure.3.8}) has been already used, duplicate ignored

\AtBegShi@Output ...ipout \box \AtBeginShipoutBox 
                                                  \fi \fi 
l.339 
      pdfTeX warning (ext4): destination with the same identifier (name{table.3
.7}) has been already used, duplicate ignored

\AtBegShi@Output ...ipout \box \AtBeginShipoutBox 
                                                  \fi \fi 
l.339 
      pdfTeX warning (ext4): destination with the same identifier (name{table.3
.8}) has been already used, duplicate ignored

\AtBegShi@Output ...ipout \box \AtBeginShipoutBox 
                                                  \fi \fi 
l.339 
       <./rnd/NPL_cp.png>]) [18pdfTeX warning (ext4): destination with the same
 identifier (name{table.3.9}) has been already used, duplicate ignored

\AtBegShi@Output ...ipout \box \AtBeginShipoutBox 
                                                  \fi \fi 
l.186 \include{OpenFOAM/OpenFOAM}
                                 pdfTeX warning (ext4): destination with the sa
me identifier (name{table.3.10}) has been already used, duplicate ignored

\AtBegShi@Output ...ipout \box \AtBeginShipoutBox 
                                                  \fi \fi 
l.186 \include{OpenFOAM/OpenFOAM}
                                 ]
\openout2 = `geometry/geometry.aux'.

 (./geometry/geometry.tex
Chapter 4.
<rnd/c_p_definition.png, id=669, 1096.095pt x 321.2pt>
File: rnd/c_p_definition.png Graphic file (type png)

<use rnd/c_p_definition.png>
Package pdftex.def Info: rnd/c_p_definition.png used on input line 16.
(pdftex.def)             Requested size: 298.75262pt x 87.54854pt.
 [19



] [20pdfTeX warning (ext4): destination with the same identifier (name{figure.4
.1}) has been already used, duplicate ignored

\AtBegShi@Output ...ipout \box \AtBeginShipoutBox 
                                                  \fi \fi 
l.61 \end{equation}
                    <./rnd/c_p_definition.png>] [21]
<rnd/effect_of_scaling.png, id=715, 1027.84pt x 561.09625pt>
File: rnd/effect_of_scaling.png Graphic file (type png)

<use rnd/effect_of_scaling.png>
Package pdftex.def Info: rnd/effect_of_scaling.png used on input line 143.
(pdftex.def)             Requested size: 200.0pt x 109.17787pt.
 [22pdfTeX warning (ext4): destination with the same identifier (name{figure.4.
2}) has been already used, duplicate ignored

\AtBegShi@Output ...ipout \box \AtBeginShipoutBox 
                                                  \fi \fi 
l.163 	 outer 
              loop <./rnd/effect_of_scaling.png (PNG copy)>]) [23]
\openout2 = `optimization/optimization.aux'.


(./optimization/optimization.tex
Chapter 5.
<optimization/closed_loop.png, id=741, 633.36626pt x 302.12875pt>
File: optimization/closed_loop.png Graphic file (type png)

<use optimization/closed_loop.png>
Package pdftex.def Info: optimization/closed_loop.png used on input line 5.
(pdftex.def)             Requested size: 426.79134pt x 203.59157pt.
 [24



pdfTeX warning (ext4): destination with the same identifier (name{figure.5.1}) 
has been already used, duplicate ignored

\AtBegShi@Output ...ipout \box \AtBeginShipoutBox 
                                                  \fi \fi 
l.13 
      <./optimization/closed_loop.png>]
<optimization/surrogate.png, id=749, 882.29625pt x 442.65375pt>
File: optimization/surrogate.png Graphic file (type png)

<use optimization/surrogate.png>
Package pdftex.def Info: optimization/surrogate.png used on input line 15.
(pdftex.def)             Requested size: 426.79134pt x 214.12619pt.

<optimization/flow_chart.png, id=751, 743.77875pt x 839.135pt>
File: optimization/flow_chart.png Graphic file (type png)

<use optimization/flow_chart.png>
Package pdftex.def Info: optimization/flow_chart.png used on input line 27.
(pdftex.def)             Requested size: 426.79134pt x 481.51295pt.

<optimization/OLHS_DOE.png, id=755, 716.6775pt x 670.505pt>
File: optimization/OLHS_DOE.png Graphic file (type png)

<use optimization/OLHS_DOE.png>
Package pdftex.def Info: optimization/OLHS_DOE.png used on input line 40.
(pdftex.def)             Requested size: 200.0pt x 187.10579pt.
 [25pdfTeX warning (ext4): destination with the same identifier (name{figure.5.
2}) has been already used, duplicate ignored

\AtBegShi@Output ...ipout \box \AtBeginShipoutBox 
                                                  \fi \fi 
l.43 \end{figure}
                  <./optimization/surrogate.png>] [26pdfTeX warning (ext4): des
tination with the same identifier (name{figure.5.3}) has been already used, dup
licate ignored

\AtBegShi@Output ...ipout \box \AtBeginShipoutBox 
                                                  \fi \fi 
l.43 \end{figure}
                  <./optimization/flow_chart.png>] [27pdfTeX warning (ext4): de
stination with the same identifier (name{figure.5.4}) has been already used, du
plicate ignored

\AtBegShi@Output ...ipout \box \AtBeginShipoutBox 
                                                  \fi \fi 
l.53 \subsection
                {Polynomial response surface} <./optimization/OLHS_DOE.png (PNG
 copy)>]
Missing character: There is no â in font txr!
Missing character: There is no ˆ in font txr!
Missing character: There is no ’ in font txr!
 [28] [29pdfTeX warning (ext4): destination with the same identifier (name{tabl
e.5.1}) has been already used, duplicate ignored

\AtBegShi@Output ...ipout \box \AtBeginShipoutBox 
                                                  \fi \fi 
l.130 \end{equation}
                    ]
<optimization/RMSE_analysis.png, id=812, 797.98125pt x 658.46pt>
File: optimization/RMSE_analysis.png Graphic file (type png)

<use optimization/RMSE_analysis.png>
Package pdftex.def Info: optimization/RMSE_analysis.png used on input line 146.

(pdftex.def)             Requested size: 426.79134pt x 352.16713pt.
 [30]
<optimization/Himmel_blau_fcn.png, id=824, 844.15375pt x 652.4375pt>
File: optimization/Himmel_blau_fcn.png Graphic file (type png)

<use optimization/Himmel_blau_fcn.png>
Package pdftex.def Info: optimization/Himmel_blau_fcn.png used on input line 15
3.
(pdftex.def)             Requested size: 426.79134pt x 329.87157pt.
 [31pdfTeX warning (ext4): destination with the same identifier (name{figure.5.
5}) has been already used, duplicate ignored

\AtBegShi@Output ...ipout \box \AtBeginShipoutBox 
                                                  \fi \fi 
l.157 
       <./optimization/RMSE_analysis.png (PNG copy)>] [32pdfTeX warning (ext4):
 destination with the same identifier (name{figure.5.6}) has been already used,
 duplicate ignored

\AtBegShi@Output ...ipout \box \AtBeginShipoutBox 
                                                  \fi \fi 
l.182 \end{table}
                  <./optimization/Himmel_blau_fcn.png (PNG copy)>]) [33pdfTeX w
arning (ext4): destination with the same identifier (name{table.5.2}) has been 
already used, duplicate ignored

\AtBegShi@Output ...ipout \box \AtBeginShipoutBox 
                                                  \fi \fi 
l.188 \include{optimization/optimization}
                                         pdfTeX warning (ext4): destination wit
h the same identifier (name{table.5.3}) has been already used, duplicate ignore
d

\AtBegShi@Output ...ipout \box \AtBeginShipoutBox 
                                                  \fi \fi 
l.188 \include{optimization/optimization}
                                         pdfTeX warning (ext4): destination wit
h the same identifier (name{table.5.4}) has been already used, duplicate ignore
d

\AtBegShi@Output ...ipout \box \AtBeginShipoutBox 
                                                  \fi \fi 
l.188 \include{optimization/optimization}
                                         ]
\openout2 = `surrogate_model_CFD/surrogate_model_CFD.aux'.


(./surrogate_model_CFD/surrogate_model_CFD.tex
Chapter 6.
[34



pdfTeX warning (ext4): destination with the same identifier (name{table.6.1}) h
as been already used, duplicate ignored

\AtBegShi@Output ...ipout \box \AtBeginShipoutBox 
                                                  \fi \fi 
l.32 
     ]
Overfull \hbox (52.04471pt too wide) in paragraph at lines 41--55
 [][] 
 []

[35pdfTeX warning (ext4): destination with the same identifier (name{table.6.2}
) has been already used, duplicate ignored

\AtBegShi@Output ...ipout \box \AtBeginShipoutBox 
                                                  \fi \fi 
l.76 
     ]
<surrogate_model_CFD_results/Grid_convergence.png, id=857, 692.5875pt x 355.327
5pt>
File: surrogate_model_CFD_results/Grid_convergence.png Graphic file (type png)
 <use surrogate_model_CFD_results/Grid_convergence.png>
Package pdftex.def Info: surrogate_model_CFD_results/Grid_convergence.png used 
on input line 79.
(pdftex.def)             Requested size: 300.0pt x 153.91557pt.

<surrogate_model_CFD_results/Drag_components.png, id=858, 1319.93124pt x 448.67
625pt>
File: surrogate_model_CFD_results/Drag_components.png Graphic file (type png)
 <use surrogate_model_CFD_results/Drag_components.png>
Package pdftex.def Info: surrogate_model_CFD_results/Drag_components.png used o
n input line 88.
(pdftex.def)             Requested size: 450.0pt x 152.96553pt.

Overfull \hbox (23.20866pt too wide) in paragraph at lines 88--89
 [][] 
 []


<surrogate_model_CFD_results/Volumetric_drag_coeff.png, id=859, 1240.635pt x 46
0.72125pt>
File: surrogate_model_CFD_results/Volumetric_drag_coeff.png Graphic file (type 
png)
 <use surrogate_model_CFD_results/Volumetric_drag_coeff.png>
Package pdftex.def Info: surrogate_model_CFD_results/Volumetric_drag_coeff.png 
used on input line 95.
(pdftex.def)             Requested size: 450.0pt x 167.11087pt.

Overfull \hbox (23.20866pt too wide) in paragraph at lines 95--96
 [][] 
 []

[36pdfTeX warning (ext4): destination with the same identifier (name{table.6.3}
) has been already used, duplicate ignored

\AtBegShi@Output ...ipout \box \AtBeginShipoutBox 
                                                  \fi \fi 
l.99 
     pdfTeX warning (ext4): destination with the same identifier (name{figure.6
.1}) has been already used, duplicate ignored

\AtBegShi@Output ...ipout \box \AtBeginShipoutBox 
                                                  \fi \fi 
l.99 
     pdfTeX warning (ext4): destination with the same identifier (name{figure.6
.2}) has been already used, duplicate ignored

\AtBegShi@Output ...ipout \box \AtBeginShipoutBox 
                                                  \fi \fi 
l.99 
      <./surrogate_model_CFD_results/Grid_convergence.png (PNG copy)> <./surrog
ate_model_CFD_results/Drag_components.png (PNG copy)>]
<rnd/visual_low_high.png, id=867, 1027.84pt x 561.09625pt>
File: rnd/visual_low_high.png Graphic file (type png)

<use rnd/visual_low_high.png>
Package pdftex.def Info: rnd/visual_low_high.png used on input line 104.
(pdftex.def)             Requested size: 300.0pt x 163.76682pt.

<rnd/streamlines_25_l.png, id=870, 1027.84pt x 561.09625pt>
File: rnd/streamlines_25_l.png Graphic file (type png)

<use rnd/streamlines_25_l.png>
Package pdftex.def Info: rnd/streamlines_25_l.png used on input line 113.
(pdftex.def)             Requested size: 300.0pt x 163.76682pt.
 [37pdfTeX warning (ext4): destination with the same identifier (name{figure.6.
3}) has been already used, duplicate ignored

\AtBegShi@Output ...ipout \box \AtBeginShipoutBox 
                                                  \fi \fi 
l.117 
      pdfTeX warning (ext4): destination with the same identifier (name{figure.
6.4}) has been already used, duplicate ignored

\AtBegShi@Output ...ipout \box \AtBeginShipoutBox 
                                                  \fi \fi 
l.117 
       <./surrogate_model_CFD_results/Volumetric_drag_coeff.png (PNG copy)> <./
rnd/visual_low_high.png (PNG copy)>]
<rnd/streamlines_45.png, id=875, 2025.5675pt x 1023.825pt>
File: rnd/streamlines_45.png Graphic file (type png)

<use rnd/streamlines_45.png>
Package pdftex.def Info: rnd/streamlines_45.png used on input line 120.
(pdftex.def)             Requested size: 300.0pt x 151.62996pt.

<surrogate_model_CFD_results/Volumetric_drag_coeff_training.png, id=877, 1240.6
35pt x 460.72125pt>
File: surrogate_model_CFD_results/Volumetric_drag_coeff_training.png Graphic fi
le (type png)

<use surrogate_model_CFD_results/Volumetric_drag_coeff_training.png>
Package pdftex.def Info: surrogate_model_CFD_results/Volumetric_drag_coeff_trai
ning.png used on input line 130.
(pdftex.def)             Requested size: 450.0pt x 167.11087pt.

Overfull \hbox (23.20866pt too wide) in paragraph at lines 130--131
 [][] 
 []

[38pdfTeX warning (ext4): destination with the same identifier (name{figure.6.5
}) has been already used, duplicate ignored

\AtBegShi@Output ...ipout \box \AtBeginShipoutBox 
                                                  \fi \fi 
l.134 
      pdfTeX warning (ext4): destination with the same identifier (name{figure.
6.6}) has been already used, duplicate ignored

\AtBegShi@Output ...ipout \box \AtBeginShipoutBox 
                                                  \fi \fi 
l.134 
       <./rnd/streamlines_25_l.png (PNG copy)> <./rnd/streamlines_45.png (PNG c
opy)>] [39pdfTeX warning (ext4): destination with the same identifier (name{fig
ure.6.7}) has been already used, duplicate ignored

\AtBegShi@Output ...ipout \box \AtBeginShipoutBox 
                                                  \fi \fi 
l.164 A
       lso, few machine learning algorithms have been applied to see if they...
pdfTeX warning (ext4): destination with the same identifier (name{table.6.4}) h
as been already used, duplicate ignored

\AtBegShi@Output ...ipout \box \AtBeginShipoutBox 
                                                  \fi \fi 
l.164 A
       lso, few machine learning algorithms have been applied to see if they...
 <./surrogate_model_CFD_results/Volumetric_drag_coeff_training.png (PNG copy)>]
) [40pdfTeX warning (ext4): destination with the same identifier (name{table.6.
5}) has been already used, duplicate ignored

\AtBegShi@Output ...ipout \box \AtBeginShipoutBox 
                                                  \fi \fi 
l.189 ...{surrogate_model_CFD/surrogate_model_CFD}
                                                  ]
\openout2 = `surrogate_model_CFD_results/surrogate_model_CFD_results.aux'.


(./surrogate_model_CFD_results/surrogate_model_CFD_results.tex)
\openout2 = `Hoop_stress/Hoop_stress.aux'.


(./Hoop_stress/Hoop_stress.tex
Chapter 7.
[41





] <von_mises/stress_rep_envelope.png, id=907, 901.3675pt x 644.4075pt>
File: von_mises/stress_rep_envelope.png Graphic file (type png)

<use von_mises/stress_rep_envelope.png>
Package pdftex.def Info: von_mises/stress_rep_envelope.png used on input line 3
4.
(pdftex.def)             Requested size: 298.75262pt x 213.58925pt.


Package hyperref Warning: Difference (2) between bookmark levels is greater 
(hyperref)                than one, level fixed on input line 50.

[42pdfTeX warning (ext4): destination with the same identifier (name{figure.7.1
}) has been already used, duplicate ignored

\AtBegShi@Output ...ipout \box \AtBeginShipoutBox 
                                                  \fi \fi 
l.59 
      <./von_mises/stress_rep_envelope.png>]) [43]
\openout2 = `rnd/results.aux'.

 (./rnd/results.tex
Chapter 8.
<rnd/min_cdv_case1.png, id=934, 1027.84pt x 561.09625pt>
File: rnd/min_cdv_case1.png Graphic file (type png)

<use rnd/min_cdv_case1.png>
Package pdftex.def Info: rnd/min_cdv_case1.png used on input line 33.
(pdftex.def)             Requested size: 450.0pt x 245.6588pt.

Overfull \hbox (23.20866pt too wide) in paragraph at lines 33--34
 [][] 
 []

[44



pdfTeX warning (ext4): destination with the same identifier (name{table.8.1}) h
as been already used, duplicate ignored

\AtBegShi@Output ...ipout \box \AtBeginShipoutBox 
                                                  \fi \fi 
l.37 
     ] [45pdfTeX warning (ext4): destination with the same identifier (name{fig
ure.8.1}) has been already used, duplicate ignored

\AtBegShi@Output ...ipout \box \AtBeginShipoutBox 
                                                  \fi \fi 
l.74 \end{table}
                 <./rnd/min_cdv_case1.png (PNG copy)>]
<rnd/min_cdv_case2.png, id=951, 1027.84pt x 561.09625pt>
File: rnd/min_cdv_case2.png Graphic file (type png)

<use rnd/min_cdv_case2.png>
Package pdftex.def Info: rnd/min_cdv_case2.png used on input line 105.
(pdftex.def)             Requested size: 450.0pt x 245.6588pt.

Overfull \hbox (23.20866pt too wide) in paragraph at lines 105--106
 [][] 
 []

[46pdfTeX warning (ext4): destination with the same identifier (name{table.8.2}
) has been already used, duplicate ignored

\AtBegShi@Output ...ipout \box \AtBeginShipoutBox 
                                                  \fi \fi 
l.109 
      pdfTeX warning (ext4): destination with the same identifier (name{table.8
.3}) has been already used, duplicate ignored

\AtBegShi@Output ...ipout \box \AtBeginShipoutBox 
                                                  \fi \fi 
l.109 
      ] [47pdfTeX warning (ext4): destination with the same identifier (name{fi
gure.8.2}) has been already used, duplicate ignored

\AtBegShi@Output ...ipout \box \AtBeginShipoutBox 
                                                  \fi \fi 
l.172 \end{table}
                 pdfTeX warning (ext4): destination with the same identifier (n
ame{table.8.4}) has been already used, duplicate ignored

\AtBegShi@Output ...ipout \box \AtBeginShipoutBox 
                                                  \fi \fi 
l.172 \end{table}
                  <./rnd/min_cdv_case2.png (PNG copy)>]
<rnd/min_cdv_case3.png, id=964, 1027.84pt x 561.09625pt>
File: rnd/min_cdv_case3.png Graphic file (type png)

<use rnd/min_cdv_case3.png>
Package pdftex.def Info: rnd/min_cdv_case3.png used on input line 176.
(pdftex.def)             Requested size: 450.0pt x 245.6588pt.

Overfull \hbox (23.20866pt too wide) in paragraph at lines 176--177
 [][] 
 []

[48pdfTeX warning (ext4): destination with the same identifier (name{table.8.5}
) has been already used, duplicate ignored

\AtBegShi@Output ...ipout \box \AtBeginShipoutBox 
                                                  \fi \fi 
l.181 \chapter
              {Conclusions, Limitations and Future Work}pdfTeX warning (ext4): 
destination with the same identifier (name{figure.8.3}) has been already used, 
duplicate ignored

\AtBegShi@Output ...ipout \box \AtBeginShipoutBox 
                                                  \fi \fi 
l.181 \chapter
              {Conclusions, Limitations and Future Work} <./rnd/min_cdv_case3.p
ng (PNG copy)>]
Chapter 9.
[49

]) [50]
\openout2 = `futureplan/futureplan.aux'.

 (./futureplan/futureplan.tex)
\openout2 = `appendix.aux'.

 (./appendix.tex [51





] [52]
Overfull \hbox (9.5288pt too wide) in paragraph at lines 106--106
[]|\T1/txr/m/n/12 Exp.| 
 []


Overfull \hbox (5.4919pt too wide) in paragraph at lines 106--106
[]|$\OML/txmi/m/it/12 Scale[]y$| 
 []


Overfull \hbox (0.59035pt too wide) in paragraph at lines 113--113
[]|\T1/txr/m/n/12 10.6709| 
 []


Overfull \hbox (0.59035pt too wide) in paragraph at lines 115--115
[]|\T1/txr/m/n/12 11.7342| 
 []


Overfull \hbox (0.59035pt too wide) in paragraph at lines 116--116
[]|\T1/txr/m/n/12 11.2911| 
 []


Overfull \hbox (0.59035pt too wide) in paragraph at lines 118--118
[]|\T1/txr/m/n/12 10.0506| 
 []


Overfull \hbox (0.59035pt too wide) in paragraph at lines 119--119
[]|\T1/txr/m/n/12 11.1139| 
 []


Overfull \hbox (0.59035pt too wide) in paragraph at lines 120--120
[]|\T1/txr/m/n/12 10.4937| 
 []


Overfull \hbox (0.59035pt too wide) in paragraph at lines 123--123
[]|\T1/txr/m/n/12 10.3165| 
 []


Overfull \hbox (0.59035pt too wide) in paragraph at lines 125--125
[]|\T1/txr/m/n/12 12.0000| 
 []


Overfull \hbox (21.83969pt too wide) in alignment at lines 98--126
 [] [] [] [] [] [] [] [] [] [] 
 []


Overfull \hbox (0.59035pt too wide) in paragraph at lines 129--129
[]|\T1/txr/m/n/12 10.2278| 
 []


Overfull \hbox (0.59035pt too wide) in paragraph at lines 132--132
[]|\T1/txr/m/n/12 11.9114| 
 []


Overfull \hbox (0.59035pt too wide) in paragraph at lines 133--133
[]|\T1/txr/m/n/12 11.4684| 
 []


Overfull \hbox (0.59035pt too wide) in paragraph at lines 138--138
[]|\T1/txr/m/n/12 10.9367| 
 []


Overfull \hbox (0.59035pt too wide) in paragraph at lines 140--140
[]|\T1/txr/m/n/12 11.5570| 
 []


Overfull \hbox (21.83969pt too wide) in alignment at lines 126--146
 [] [] [] [] [] [] [] [] [] [] 
 []

[53]
Overfull \hbox (0.59035pt too wide) in paragraph at lines 150--150
[]|\T1/txr/m/n/12 10.5823| 
 []


Overfull \hbox (0.59035pt too wide) in paragraph at lines 159--159
[]|\T1/txr/m/n/12 11.8228| 
 []


Overfull \hbox (0.59035pt too wide) in paragraph at lines 165--165
[]|\T1/txr/m/n/12 11.6456| 
 []


Overfull \hbox (21.83969pt too wide) in alignment at lines 146--166
 [] [] [] [] [] [] [] [] [] [] 
 []


Overfull \hbox (0.59035pt too wide) in paragraph at lines 170--170
[]|\T1/txr/m/n/12 10.7595| 
 []


Overfull \hbox (0.59035pt too wide) in paragraph at lines 171--171
[]|\T1/txr/m/n/12 11.0253| 
 []


Overfull \hbox (0.59035pt too wide) in paragraph at lines 174--174
[]|\T1/txr/m/n/12 10.8481| 
 []


Overfull \hbox (0.59035pt too wide) in paragraph at lines 175--175
[]|\T1/txr/m/n/12 11.2025| 
 []


Overfull \hbox (0.59035pt too wide) in paragraph at lines 177--177
[]|\T1/txr/m/n/12 10.1392| 
 []


Overfull \hbox (0.59035pt too wide) in paragraph at lines 181--181
[]|\T1/txr/m/n/12 10.4051| 
 []


Overfull \hbox (21.83969pt too wide) in alignment at lines 166--186
 [] [] [] [] [] [] [] [] [] [] 
 []

[54]
Overfull \hbox (0.59035pt too wide) in paragraph at lines 186--186
[]|\T1/txr/m/n/12 11.3797| 
 []


Overfull \hbox (0.59035pt too wide) in paragraph at lines 197--197
[]|\T1/txr/m/n/12 11.9957| 
 []


Overfull \hbox (0.59035pt too wide) in paragraph at lines 201--201
[]|\T1/txr/m/n/12 11.3170| 
 []


Overfull \hbox (0.59035pt too wide) in paragraph at lines 205--205
[]|\T1/txr/m/n/12 11.7352| 
 []


Overfull \hbox (21.83969pt too wide) in alignment at lines 186--206
 [] [] [] [] [] [] [] [] [] [] 
 []


Overfull \hbox (5.1968pt too wide) in paragraph at lines 207--207
[]|\T1/txr/m/n/12 101| 
 []


Overfull \hbox (5.1968pt too wide) in paragraph at lines 208--208
[]|\T1/txr/m/n/12 102| 
 []


Overfull \hbox (5.1968pt too wide) in paragraph at lines 209--209
[]|\T1/txr/m/n/12 103| 
 []


Overfull \hbox (5.1968pt too wide) in paragraph at lines 210--210
[]|\T1/txr/m/n/12 106| 
 []


Overfull \hbox (5.1968pt too wide) in paragraph at lines 211--211
[]|\T1/txr/m/n/12 107| 
 []


Overfull \hbox (0.59035pt too wide) in paragraph at lines 211--211
[]|\T1/txr/m/n/12 11.5352| 
 []


Overfull \hbox (5.1968pt too wide) in paragraph at lines 212--212
[]|\T1/txr/m/n/12 108| 
 []


Overfull \hbox (5.1968pt too wide) in paragraph at lines 213--213
[]|\T1/txr/m/n/12 109| 
 []


Overfull \hbox (0.59035pt too wide) in paragraph at lines 213--213
[]|\T1/txr/m/n/12 10.9997| 
 []


Overfull \hbox (5.1968pt too wide) in paragraph at lines 214--214
[]|\T1/txr/m/n/12 110| 
 []


Overfull \hbox (0.59035pt too wide) in paragraph at lines 214--214
[]|\T1/txr/m/n/12 10.4524| 
 []


Overfull \hbox (5.1968pt too wide) in paragraph at lines 215--215
[]|\T1/txr/m/n/12 111| 
 []


Overfull \hbox (0.59035pt too wide) in paragraph at lines 215--215
[]|\T1/txr/m/n/12 10.6200| 
 []


Overfull \hbox (5.1968pt too wide) in paragraph at lines 216--216
[]|\T1/txr/m/n/12 112| 
 []


Overfull \hbox (0.59035pt too wide) in paragraph at lines 216--216
[]|\T1/txr/m/n/12 11.1264| 
 []


Overfull \hbox (5.1968pt too wide) in paragraph at lines 217--217
[]|\T1/txr/m/n/12 113| 
 []


Overfull \hbox (5.1968pt too wide) in paragraph at lines 218--218
[]|\T1/txr/m/n/12 114| 
 []


Overfull \hbox (5.1968pt too wide) in paragraph at lines 219--219
[]|\T1/txr/m/n/12 115| 
 []


Overfull \hbox (5.1968pt too wide) in paragraph at lines 220--220
[]|\T1/txr/m/n/12 116| 
 []


Overfull \hbox (5.1968pt too wide) in paragraph at lines 221--221
[]|\T1/txr/m/n/12 117| 
 []


Overfull \hbox (0.59035pt too wide) in paragraph at lines 221--221
[]|\T1/txr/m/n/12 12.0000| 
 []


Overfull \hbox (5.1968pt too wide) in paragraph at lines 222--222
[]|\T1/txr/m/n/12 118| 
 []


Overfull \hbox (5.1968pt too wide) in paragraph at lines 223--223
[]|\T1/txr/m/n/12 119| 
 []


Overfull \hbox (5.1968pt too wide) in paragraph at lines 224--224
[]|\T1/txr/m/n/12 120| 
 []


Overfull \hbox (0.59035pt too wide) in paragraph at lines 224--224
[]|\T1/txr/m/n/12 10.2053| 
 []


Overfull \hbox (5.1968pt too wide) in paragraph at lines 225--225
[]|\T1/txr/m/n/12 122| 
 []


Overfull \hbox (21.83969pt too wide) in alignment at lines 206--226
 [] [] [] [] [] [] [] [] [] [] 
 []

[55]
Overfull \hbox (5.1968pt too wide) in paragraph at lines 226--226
[]|\T1/txr/m/n/12 123| 
 []


Overfull \hbox (5.1968pt too wide) in paragraph at lines 227--227
[]|\T1/txr/m/n/12 124| 
 []


Overfull \hbox (5.1968pt too wide) in paragraph at lines 228--228
[]|\T1/txr/m/n/12 125| 
 []


Overfull \hbox (0.59035pt too wide) in paragraph at lines 228--228
[]|\T1/txr/m/n/12 10.0818| 
 []


Overfull \hbox (5.1968pt too wide) in paragraph at lines 229--229
[]|\T1/txr/m/n/12 126| 
 []


Overfull \hbox (5.1968pt too wide) in paragraph at lines 230--230
[]|\T1/txr/m/n/12 127| 
 []


Overfull \hbox (21.83969pt too wide) in alignment at lines 226--232
 [] [] [] [] [] [] [] [] [] [] 
 []

[56]) [57] (./mainrep.bbl [58



] [59])
Package atveryend Info: Empty hook `BeforeClearDocument' on input line 224.
 [60]
Package atveryend Info: Empty hook `AfterLastShipout' on input line 224.
 (./mainrep.aux (./abs.aux)
(./intro/introduction.aux) (./lit/literature.aux) (./OpenFOAM/OpenFOAM.aux)
(./geometry/geometry.aux) (./optimization/optimization.aux)
(./surrogate_model_CFD/surrogate_model_CFD.aux)
(./surrogate_model_CFD_results/surrogate_model_CFD_results.aux)
(./Hoop_stress/Hoop_stress.aux) (./rnd/results.aux)
(./futureplan/futureplan.aux) (./appendix.aux))
Package atveryend Info: Executing hook `AtVeryEndDocument' on input line 224.
Package atveryend Info: Executing hook `AtEndAfterFileList' on input line 224.
Package rerunfilecheck Info: File `mainrep.out' has not changed.
(rerunfilecheck)             Checksum: E46F62638A70C9EDB20C693A259DF05F;3635.
Package atveryend Info: Empty hook `AtVeryVeryEnd' on input line 224.
 ) 
Here is how much of TeX's memory you used:
 11245 strings out of 493029
 170358 string characters out of 6136234
 320946 words of memory out of 5000000
 14097 multiletter control sequences out of 15000+600000
 125137 words of font info for 210 fonts, out of 8000000 for 9000
 1141 hyphenation exceptions out of 8191
 44i,22n,51p,1143b,1622s stack positions out of 5000i,500n,10000p,200000b,80000s
{/usr/share/texlive/texmf-dist/fonts/enc/dvips/base/8r.enc}</usr/share/texliv
e/texmf-dist/fonts/type1/public/txfonts/rtxb.pfb></usr/share/texlive/texmf-dist
/fonts/type1/public/txfonts/rtxi.pfb></usr/share/texlive/texmf-dist/fonts/type1
/public/txfonts/rtxmi.pfb></usr/share/texlive/texmf-dist/fonts/type1/public/txf
onts/rtxr.pfb></usr/share/texlive/texmf-dist/fonts/type1/public/txfonts/rtxsc.p
fb></usr/share/texlive/texmf-dist/fonts/type1/public/txfonts/t1xtt.pfb></usr/sh
are/texlive/texmf-dist/fonts/type1/public/txfonts/txbsy.pfb></usr/share/texlive
/texmf-dist/fonts/type1/public/txfonts/txex.pfb></usr/share/texlive/texmf-dist/
fonts/type1/public/txfonts/txsy.pfb></usr/share/texlive/texmf-dist/fonts/type1/
public/txfonts/txsyc.pfb></usr/share/texlive/texmf-dist/fonts/type1/urw/helveti
c/uhvb8a.pfb></usr/share/texlive/texmf-dist/fonts/type1/urw/palatino/uplri8a.pf
b></usr/share/texlive/texmf-dist/fonts/type1/urw/times/utmb8a.pfb></usr/share/t
exlive/texmf-dist/fonts/type1/urw/times/utmbi8a.pfb></usr/share/texlive/texmf-d
ist/fonts/type1/urw/times/utmr8a.pfb></usr/share/texlive/texmf-dist/fonts/type1
/urw/times/utmri8a.pfb>
Output written on mainrep.pdf (68 pages, 2949459 bytes).
PDF statistics:
 1160 PDF objects out of 1200 (max. 8388607)
 1023 compressed objects within 11 object streams
 290 named destinations out of 1000 (max. 500000)
 564 words of extra memory for PDF output out of 10000 (max. 10000000)

