\BOOKMARK [0][-]{section*.2}{Abstract}{}% 1
\BOOKMARK [0][-]{Table of Contents.0}{Table of Contents}{}% 2
\BOOKMARK [0][-]{section*.5}{List of Figures}{}% 3
\BOOKMARK [0][-]{section*.7}{List of Tables}{}% 4
\BOOKMARK [0][-]{chapter.1}{Background and Introduction}{}% 5
\BOOKMARK [1][-]{section.1.1}{Stratospheric Airships}{chapter.1}% 6
\BOOKMARK [1][-]{section.1.2}{Motivation}{chapter.1}% 7
\BOOKMARK [1][-]{section.1.3}{Objective and Aims}{chapter.1}% 8
\BOOKMARK [1][-]{section.1.4}{Report layout}{chapter.1}% 9
\BOOKMARK [0][-]{chapter.2}{Literature Survey}{}% 10
\BOOKMARK [1][-]{section.2.1}{Initial Sizing}{chapter.2}% 11
\BOOKMARK [1][-]{section.2.2}{Envelope geometry parameterization}{chapter.2}% 12
\BOOKMARK [1][-]{section.2.3}{Multi disciplinary shape optimization}{chapter.2}% 13
\BOOKMARK [1][-]{section.2.4}{Recent work in the field}{chapter.2}% 14
\BOOKMARK [0][-]{chapter.3}{Envelope geometry parameterization}{}% 15
\BOOKMARK [1][-]{section.3.1}{Modified Gertlers parametre technique}{chapter.3}% 16
\BOOKMARK [1][-]{section.3.2}{Methodology to generate surface using Octave}{chapter.3}% 17
\BOOKMARK [2][-]{subsection.3.2.1}{STL \(file format\)}{section.3.2}% 18
\BOOKMARK [0][-]{chapter.4}{Introduction to OpenFOAM\256}{}% 19
\BOOKMARK [1][-]{section.4.1}{OpenFOAM\256 for CFD researchers}{chapter.4}% 20
\BOOKMARK [1][-]{section.4.2}{Computational mesh generation using SnappyHexMesh}{chapter.4}% 21
\BOOKMARK [1][-]{section.4.3}{Validation of OpenFOAM\256 CFD results}{chapter.4}% 22
\BOOKMARK [2][-]{subsection.4.3.1}{GNVR shape Ram}{section.4.3}% 23
\BOOKMARK [2][-]{subsection.4.3.2}{Zhiyuan-1 shape zhiyuan}{section.4.3}% 24
\BOOKMARK [2][-]{subsection.4.3.3}{Wang Shape Wangshape}{section.4.3}% 25
\BOOKMARK [2][-]{subsection.4.3.4}{NPL Shape cheeseman2012}{section.4.3}% 26
\BOOKMARK [2][-]{subsection.4.3.5}{Grid Dependence study}{section.4.3}% 27
\BOOKMARK [1][-]{section.4.4}{Observations \046 Conclusions}{chapter.4}% 28
\BOOKMARK [0][-]{chapter.5}{Surrogate based shape optimization}{}% 29
\BOOKMARK [1][-]{section.5.1}{Surrogate model}{chapter.5}% 30
\BOOKMARK [1][-]{section.5.2}{Design of Experiments}{chapter.5}% 31
\BOOKMARK [1][-]{section.5.3}{Mapping design variables}{chapter.5}% 32
\BOOKMARK [1][-]{section.5.4}{Test Function for Kriging Surrogate Model}{chapter.5}% 33
\BOOKMARK [1][-]{section.5.5}{Coupling of Genetic Algorithm, Surrogate model and testing for modified Himmelblau functions}{chapter.5}% 34
\BOOKMARK [0][-]{chapter.6}{Work done in Stage-1}{}% 35
\BOOKMARK [0][-]{chapter.7}{Future work}{}% 36
\BOOKMARK [0][-]{section*.10}{References}{}% 37
