This is pdfTeX, Version 3.14159265-2.6-1.40.16 (TeX Live 2015/Debian) (preloaded format=pdflatex 2017.9.22)  9 OCT 2017 11:42
entering extended mode
 restricted \write18 enabled.
 %&-line parsing enabled.
**codes.tex
(./codes.tex
LaTeX2e <2016/02/01>
Babel <3.9q> and hyphenation patterns for 81 language(s) loaded.
! Undefined control sequence.
l.1 \chapter
            {Supporting material}
The control sequence at the end of the top line
of your error message was never \def'ed. If you have
misspelled it (e.g., `\hobx'), type `I' and the correct
spelling (e.g., `I\hbox'). Otherwise just continue,
and I'll forget about whatever was undefined.


! LaTeX Error: Missing \begin{document}.

See the LaTeX manual or LaTeX Companion for explanation.
Type  H <return>  for immediate help.
 ...                                              
                                                  
l.1 \chapter{S
              upporting material}
You're in trouble here.  Try typing  <return>  to proceed.
If that doesn't work, type  X <return>  to quit.

Missing character: There is no S in font nullfont!
Missing character: There is no u in font nullfont!
Missing character: There is no p in font nullfont!
Missing character: There is no p in font nullfont!
Missing character: There is no o in font nullfont!
Missing character: There is no r in font nullfont!
Missing character: There is no t in font nullfont!
Missing character: There is no i in font nullfont!
Missing character: There is no n in font nullfont!
Missing character: There is no g in font nullfont!
Missing character: There is no m in font nullfont!
Missing character: There is no a in font nullfont!
Missing character: There is no t in font nullfont!
Missing character: There is no e in font nullfont!
Missing character: There is no r in font nullfont!
Missing character: There is no i in font nullfont!
Missing character: There is no a in font nullfont!
Missing character: There is no l in font nullfont!
! Undefined control sequence.
l.2 \section
            {Octave / MATLAB code for geometry creation of GNVR profile}
The control sequence at the end of the top line
of your error message was never \def'ed. If you have
misspelled it (e.g., `\hobx'), type `I' and the correct
spelling (e.g., `I\hbox'). Otherwise just continue,
and I'll forget about whatever was undefined.

Missing character: There is no O in font nullfont!
Missing character: There is no c in font nullfont!
Missing character: There is no t in font nullfont!
Missing character: There is no a in font nullfont!
Missing character: There is no v in font nullfont!
Missing character: There is no e in font nullfont!
Missing character: There is no / in font nullfont!
Missing character: There is no M in font nullfont!
Missing character: There is no A in font nullfont!
Missing character: There is no T in font nullfont!
Missing character: There is no L in font nullfont!
Missing character: There is no A in font nullfont!
Missing character: There is no B in font nullfont!
Missing character: There is no c in font nullfont!
Missing character: There is no o in font nullfont!
Missing character: There is no d in font nullfont!
Missing character: There is no e in font nullfont!
Missing character: There is no f in font nullfont!
Missing character: There is no o in font nullfont!
Missing character: There is no r in font nullfont!
Missing character: There is no g in font nullfont!
Missing character: There is no e in font nullfont!
Missing character: There is no o in font nullfont!
Missing character: There is no m in font nullfont!
Missing character: There is no e in font nullfont!
Missing character: There is no t in font nullfont!
Missing character: There is no r in font nullfont!
Missing character: There is no y in font nullfont!
Missing character: There is no c in font nullfont!
Missing character: There is no r in font nullfont!
Missing character: There is no e in font nullfont!
Missing character: There is no a in font nullfont!
Missing character: There is no t in font nullfont!
Missing character: There is no i in font nullfont!
Missing character: There is no o in font nullfont!
Missing character: There is no n in font nullfont!
Missing character: There is no o in font nullfont!
Missing character: There is no f in font nullfont!
Missing character: There is no G in font nullfont!
Missing character: There is no N in font nullfont!
Missing character: There is no V in font nullfont!
Missing character: There is no R in font nullfont!
Missing character: There is no p in font nullfont!
Missing character: There is no r in font nullfont!
Missing character: There is no o in font nullfont!
Missing character: There is no f in font nullfont!
Missing character: There is no i in font nullfont!
Missing character: There is no l in font nullfont!
Missing character: There is no e in font nullfont!

Overfull \hbox (20.0pt too wide) in paragraph at lines 1--3
[]
 []


Overfull \hbox (199.49826pt too wide) in paragraph at lines 300--300
[]\OT1/cmtt/m/n/10 function surf2stl(filename,x,y,z,mode)[] 
 []


Overfull \hbox (236.24794pt too wide) in paragraph at lines 300--300
[]\OT1/cmtt/m/n/10 %SURF2STL   Write STL file from surface data.[] 
 []


Overfull \hbox (356.99689pt too wide) in paragraph at lines 300--300
[]\OT1/cmtt/m/n/10 %   SURF2STL('filename',X,Y,Z) writes a stereolithography (S
TL) file[] 
 []


Overfull \hbox (372.74675pt too wide) in paragraph at lines 300--300
[]\OT1/cmtt/m/n/10 %   for a surface with geometry defined by three matrix argu
ments, X, Y[] 
 []


Overfull \hbox (383.24666pt too wide) in paragraph at lines 300--300
[]\OT1/cmtt/m/n/10 %   and Z.  X, Y and Z must be two-dimensional arrays with t
he same size.[] 
 []


Overfull \hbox (5.24995pt too wide) in paragraph at lines 300--300
[]\OT1/cmtt/m/n/10 %[] 
 []


Overfull \hbox (351.74693pt too wide) in paragraph at lines 300--300
[]\OT1/cmtt/m/n/10 %   SURF2STL('filename',x,y,Z), uses two vector arguments re
placing[] 
 []


Overfull \hbox (362.24684pt too wide) in paragraph at lines 300--300
[]\OT1/cmtt/m/n/10 %   the first two matrix arguments, which must have length(x
) = n and[] 
 []


Overfull \hbox (356.99689pt too wide) in paragraph at lines 300--300
[]\OT1/cmtt/m/n/10 %   length(y) = m where [m,n] = size(Z).  Note that x corres
ponds to[] 
 []


Overfull \hbox (267.74767pt too wide) in paragraph at lines 300--300
[]\OT1/cmtt/m/n/10 %   the columns of Z and y corresponds to the rows.[] 
 []


Overfull \hbox (5.24995pt too wide) in paragraph at lines 300--300
[]\OT1/cmtt/m/n/10 %[] 
 []


Overfull \hbox (351.74693pt too wide) in paragraph at lines 300--300
[]\OT1/cmtt/m/n/10 %   SURF2STL('filename',dx,dy,Z) uses scalar values of dx an
d dy to[] 
 []


Overfull \hbox (272.99762pt too wide) in paragraph at lines 300--300
[]\OT1/cmtt/m/n/10 %   specify the x and y spacing between grid points.[] 
 []


Overfull \hbox (5.24995pt too wide) in paragraph at lines 300--300
[]\OT1/cmtt/m/n/10 %[] 
 []


Overfull \hbox (346.49698pt too wide) in paragraph at lines 300--300
[]\OT1/cmtt/m/n/10 %   SURF2STL(...,'mode') may be used to specify the output f
ormat.[] 
 []


Overfull \hbox (5.24995pt too wide) in paragraph at lines 300--300
[]\OT1/cmtt/m/n/10 %[] 
 []


Overfull \hbox (283.49753pt too wide) in paragraph at lines 300--300
[]\OT1/cmtt/m/n/10 %     'binary' - writes in STL binary format (default)[] 
 []


Overfull \hbox (225.74803pt too wide) in paragraph at lines 300--300
[]\OT1/cmtt/m/n/10 %     'ascii'  - writes in STL ASCII format[] 
 []


Overfull \hbox (5.24995pt too wide) in paragraph at lines 300--300
[]\OT1/cmtt/m/n/10 %[] 
 []


Overfull \hbox (62.99945pt too wide) in paragraph at lines 300--300
[]\OT1/cmtt/m/n/10 %   Example:[] 
 []


Overfull \hbox (5.24995pt too wide) in paragraph at lines 300--300
[]\OT1/cmtt/m/n/10 %[] 
 []


Overfull \hbox (194.2483pt too wide) in paragraph at lines 300--300
[]\OT1/cmtt/m/n/10 %     surf2stl('test.stl',1,1,peaks);[] 
 []


Overfull \hbox (5.24995pt too wide) in paragraph at lines 300--300
[]\OT1/cmtt/m/n/10 %[] 
 []


Overfull \hbox (94.49918pt too wide) in paragraph at lines 300--300
[]\OT1/cmtt/m/n/10 %   See also SURF.[] 
 []


Overfull \hbox (5.24995pt too wide) in paragraph at lines 300--300
[]\OT1/cmtt/m/n/10 %[] 
 []


Overfull \hbox (183.7484pt too wide) in paragraph at lines 300--300
[]\OT1/cmtt/m/n/10 %   Author: Bill McDonald, 02-20-04[] 
 []


Overfull \hbox (141.74876pt too wide) in paragraph at lines 300--300
[]\OT1/cmtt/m/n/10 error(nargchk(4,5,nargin));[] 
 []


Overfull \hbox (125.9989pt too wide) in paragraph at lines 300--300
[]\OT1/cmtt/m/n/10 if (ischar(filename)==0)[] 
 []


Overfull \hbox (141.74876pt too wide) in paragraph at lines 300--300
[]\OT1/cmtt/m/n/10 error( 'Invalid filename');[] 
 []


Overfull \hbox (15.74986pt too wide) in paragraph at lines 300--300
[]\OT1/cmtt/m/n/10 end[] 
 []


Overfull \hbox (78.74931pt too wide) in paragraph at lines 300--300
[]\OT1/cmtt/m/n/10 if (nargin < 5)[] 
 []


Overfull \hbox (83.99927pt too wide) in paragraph at lines 300--300
[]\OT1/cmtt/m/n/10 mode = 'binary';[] 
 []


Overfull \hbox (167.99854pt too wide) in paragraph at lines 300--300
[]\OT1/cmtt/m/n/10 elseif (strcmp(mode,'ascii')==0)[] 
 []


Overfull \hbox (83.99927pt too wide) in paragraph at lines 300--300
[]\OT1/cmtt/m/n/10 mode = 'binary';[] 
 []


Overfull \hbox (15.74986pt too wide) in paragraph at lines 300--300
[]\OT1/cmtt/m/n/10 end[] 
 []


Overfull \hbox (94.49918pt too wide) in paragraph at lines 300--300
[]\OT1/cmtt/m/n/10 if (ndims(z) ~= 2)[] 
 []


Overfull \hbox (272.99762pt too wide) in paragraph at lines 300--300
[]\OT1/cmtt/m/n/10 error( 'Variable z must be a 2-dimensional array' );[] 
 []


Overfull \hbox (15.74986pt too wide) in paragraph at lines 300--300
[]\OT1/cmtt/m/n/10 end[] 
 []


Overfull \hbox (257.24776pt too wide) in paragraph at lines 300--300
[]\OT1/cmtt/m/n/10 if any( (size(x)~=size(z)) | (size(y)~=size(z)) )[] 
 []


Overfull \hbox (215.24812pt too wide) in paragraph at lines 300--300
[]\OT1/cmtt/m/n/10 % size of x or y does not match size of z[] 
 []


Overfull \hbox (199.49826pt too wide) in paragraph at lines 300--300
[]\OT1/cmtt/m/n/10 if ( (length(x)==1) & (length(y)==1) )[] 
 []


Overfull \hbox (246.74785pt too wide) in paragraph at lines 300--300
[]\OT1/cmtt/m/n/10 % Must be specifying dx and dy, so make vectors[] 
 []


Overfull \hbox (36.74968pt too wide) in paragraph at lines 300--300
[]\OT1/cmtt/m/n/10 dx = x;[] 
 []


Overfull \hbox (36.74968pt too wide) in paragraph at lines 300--300
[]\OT1/cmtt/m/n/10 dy = y;[] 
 []


Overfull \hbox (131.24886pt too wide) in paragraph at lines 300--300
[]\OT1/cmtt/m/n/10 x = ((1:size(z,2))-1)*dx;[] 
 []


Overfull \hbox (131.24886pt too wide) in paragraph at lines 300--300
[]\OT1/cmtt/m/n/10 y = ((1:size(z,1))-1)*dy;[] 
 []


Overfull \hbox (15.74986pt too wide) in paragraph at lines 300--300
[]\OT1/cmtt/m/n/10 end[] 
 []


! LaTeX Error: The font size command \normalsize is not defined:
               there is probably something wrong with the class file.

See the LaTeX manual or LaTeX Companion for explanation.
Type  H <return>  for immediate help.
 ...                                              
                                                  
l.300 \end{verbatim}
                    
Your command was ignored.
Type  I <command> <return>  to replace it with another command,
or  <return>  to continue without it.

[1{/var/lib/texmf/fonts/map/pdftex/updmap/pdftex.map}]
Overfull \hbox (283.49753pt too wide) in paragraph at lines 300--300
[]\OT1/cmtt/m/n/10 if ( (length(x)==size(z,2)) & (length(y)==size(z,1)) )[] 
 []


Overfull \hbox (146.99872pt too wide) in paragraph at lines 300--300
[]\OT1/cmtt/m/n/10 % Must be specifying vectors[] 
 []


Overfull \hbox (36.74968pt too wide) in paragraph at lines 300--300
[]\OT1/cmtt/m/n/10 xvec=x;[] 
 []


Overfull \hbox (36.74968pt too wide) in paragraph at lines 300--300
[]\OT1/cmtt/m/n/10 yvec=y;[] 
 []


Overfull \hbox (136.49881pt too wide) in paragraph at lines 300--300
[]\OT1/cmtt/m/n/10 [x,y]=meshgrid(xvec,yvec);[] 
 []


Overfull \hbox (20.99982pt too wide) in paragraph at lines 300--300
[]\OT1/cmtt/m/n/10 else[] 
 []


Overfull \hbox (236.24794pt too wide) in paragraph at lines 300--300
[]\OT1/cmtt/m/n/10 error('Unable to resolve x and y variables');[] 
 []


Overfull \hbox (15.74986pt too wide) in paragraph at lines 300--300
[]\OT1/cmtt/m/n/10 end[] 
 []


Overfull \hbox (15.74986pt too wide) in paragraph at lines 300--300
[]\OT1/cmtt/m/n/10 end[] 
 []


Overfull \hbox (120.74895pt too wide) in paragraph at lines 300--300
[]\OT1/cmtt/m/n/10 if strcmp(mode,'ascii')[] 
 []


Overfull \hbox (167.99854pt too wide) in paragraph at lines 300--300
[]\OT1/cmtt/m/n/10 % Open for writing in ascii mode[] 
 []


Overfull \hbox (136.49881pt too wide) in paragraph at lines 300--300
[]\OT1/cmtt/m/n/10 fid = fopen(filename,'w');[] 
 []


Overfull \hbox (20.99982pt too wide) in paragraph at lines 300--300
[]\OT1/cmtt/m/n/10 else[] 
 []


Overfull \hbox (173.24849pt too wide) in paragraph at lines 300--300
[]\OT1/cmtt/m/n/10 % Open for writing in binary mode[] 
 []


Overfull \hbox (146.99872pt too wide) in paragraph at lines 300--300
[]\OT1/cmtt/m/n/10 fid = fopen(filename,'wb+');[] 
 []


Overfull \hbox (15.74986pt too wide) in paragraph at lines 300--300
[]\OT1/cmtt/m/n/10 end[] 
 []


Overfull \hbox (73.49936pt too wide) in paragraph at lines 300--300
[]\OT1/cmtt/m/n/10 if (fid == -1)[] 
 []


Overfull \hbox (267.74767pt too wide) in paragraph at lines 300--300
[]\OT1/cmtt/m/n/10 error( sprintf('Unable to write to %s',filename) );[] 
 []


Overfull \hbox (15.74986pt too wide) in paragraph at lines 300--300
[]\OT1/cmtt/m/n/10 end[] 
 []


Overfull \hbox (173.24849pt too wide) in paragraph at lines 300--300
[]\OT1/cmtt/m/n/10 title_str = sprintf('motorBike');[] 
 []


Overfull \hbox (120.74895pt too wide) in paragraph at lines 300--300
[]\OT1/cmtt/m/n/10 if strcmp(mode,'ascii')[] 
 []


Overfull \hbox (199.49826pt too wide) in paragraph at lines 300--300
[]\OT1/cmtt/m/n/10 fprintf(fid,'solid %s\r\n',title_str);[] 
 []


Overfull \hbox (20.99982pt too wide) in paragraph at lines 300--300
[]\OT1/cmtt/m/n/10 else[] 
 []


Overfull \hbox (173.24849pt too wide) in paragraph at lines 300--300
[]\OT1/cmtt/m/n/10 str = sprintf('%-80s',title_str);[] 
 []


Overfull \hbox (209.99817pt too wide) in paragraph at lines 300--300
[]\OT1/cmtt/m/n/10 fwrite(fid,str,'uchar');         % Title[] 
 []


Overfull \hbox (341.24702pt too wide) in paragraph at lines 300--300
[]\OT1/cmtt/m/n/10 fwrite(fid,0,'int32');           % Number of facets, zero fo
r now[] 
 []


Overfull \hbox (15.74986pt too wide) in paragraph at lines 300--300
[]\OT1/cmtt/m/n/10 end[] 
 []


Overfull \hbox (62.99945pt too wide) in paragraph at lines 300--300
[]\OT1/cmtt/m/n/10 nfacets = 0;[] 
 []


Overfull \hbox (110.24904pt too wide) in paragraph at lines 300--300
[]\OT1/cmtt/m/n/10 for i=1:(size(z,1)-1)[] 
 []


Overfull \hbox (110.24904pt too wide) in paragraph at lines 300--300
[]\OT1/cmtt/m/n/10 for j=1:(size(z,2)-1)[] 
 []


Overfull \hbox (188.99835pt too wide) in paragraph at lines 300--300
[]\OT1/cmtt/m/n/10 p1 = [x(i,j)     y(i,j)     z(i,j)];[] 
 []


Overfull \hbox (199.49826pt too wide) in paragraph at lines 300--300
[]\OT1/cmtt/m/n/10 p2 = [x(i,j+1)   y(i,j+1)   z(i,j+1)];[] 
 []


Overfull \hbox (209.99817pt too wide) in paragraph at lines 300--300
[]\OT1/cmtt/m/n/10 p3 = [x(i+1,j+1) y(i+1,j+1) z(i+1,j+1)];[] 
 []


Overfull \hbox (204.74821pt too wide) in paragraph at lines 300--300
[]\OT1/cmtt/m/n/10 if ~(p1 == p2 || p2 == p3 || p3 == p1 )[] 
 []


Overfull \hbox (225.74803pt too wide) in paragraph at lines 300--300
[]\OT1/cmtt/m/n/10 val = local_write_facet(fid,p1,p2,p3,mode);[] 
 []


Overfull \hbox (125.9989pt too wide) in paragraph at lines 300--300
[]\OT1/cmtt/m/n/10 nfacets = nfacets + val;[] 
 []


Overfull \hbox (15.74986pt too wide) in paragraph at lines 300--300
[]\OT1/cmtt/m/n/10 end[] 
 []


Overfull \hbox (209.99817pt too wide) in paragraph at lines 300--300
[]\OT1/cmtt/m/n/10 p1 = [x(i+1,j+1) y(i+1,j+1) z(i+1,j+1)];[] 
 []


Overfull \hbox (199.49826pt too wide) in paragraph at lines 300--300
[]\OT1/cmtt/m/n/10 p2 = [x(i+1,j)   y(i+1,j)   z(i+1,j)];[] 
 []


Overfull \hbox (188.99835pt too wide) in paragraph at lines 300--300
[]\OT1/cmtt/m/n/10 p3 = [x(i,j)     y(i,j)     z(i,j)];[] 
 []


Overfull \hbox (204.74821pt too wide) in paragraph at lines 300--300
[]\OT1/cmtt/m/n/10 if ~(p1 == p2 || p2 == p3 || p3 == p1 )[] 
 []


Overfull \hbox (225.74803pt too wide) in paragraph at lines 300--300
[]\OT1/cmtt/m/n/10 val = local_write_facet(fid,p1,p2,p3,mode);[] 
 []


Overfull \hbox (125.9989pt too wide) in paragraph at lines 300--300
[]\OT1/cmtt/m/n/10 nfacets = nfacets + val;[] 
 []


Overfull \hbox (15.74986pt too wide) in paragraph at lines 300--300
[]\OT1/cmtt/m/n/10 end[] 
 []


Overfull \hbox (15.74986pt too wide) in paragraph at lines 300--300
[]\OT1/cmtt/m/n/10 end[] 
 []


Overfull \hbox (15.74986pt too wide) in paragraph at lines 300--300
[]\OT1/cmtt/m/n/10 end[] 
 []


Overfull \hbox (120.74895pt too wide) in paragraph at lines 300--300
[]\OT1/cmtt/m/n/10 if strcmp(mode,'ascii')[] 
 []


Overfull \hbox (178.49844pt too wide) in paragraph at lines 300--300
[]\OT1/cmtt/m/n/10 fprintf(fid,'endsolid motorBike');[] 
 []


Overfull \hbox (20.99982pt too wide) in paragraph at lines 300--300
[]\OT1/cmtt/m/n/10 else[] 
 []


Overfull \hbox (99.74913pt too wide) in paragraph at lines 300--300
[]\OT1/cmtt/m/n/10 fseek(fid,0,'bof');[] 
 []


Overfull \hbox (104.99908pt too wide) in paragraph at lines 300--300
[]\OT1/cmtt/m/n/10 fseek(fid,80,'bof');[] 
 []


Overfull \hbox (146.99872pt too wide) in paragraph at lines 300--300
[]\OT1/cmtt/m/n/10 fwrite(fid,nfacets,'int32');[] 
 []


Overfull \hbox (15.74986pt too wide) in paragraph at lines 300--300
[]\OT1/cmtt/m/n/10 end[] 
 []


Overfull \hbox (62.99945pt too wide) in paragraph at lines 300--300
[]\OT1/cmtt/m/n/10 fclose(fid);[] 
 []


Overfull \hbox (225.74803pt too wide) in paragraph at lines 300--300
[]\OT1/cmtt/m/n/10 disp( sprintf('Wrote %d facets',nfacets) );[] 
 []


Overfull \hbox (104.99908pt too wide) in paragraph at lines 300--300
[]\OT1/cmtt/m/n/10 % Local subfunctions[] 
 []


Overfull \hbox (267.74767pt too wide) in paragraph at lines 300--300
[]\OT1/cmtt/m/n/10 function num = local_write_facet(fid,p1,p2,p3,mode)[] 
 []


Overfull \hbox (225.74803pt too wide) in paragraph at lines 300--300
[]\OT1/cmtt/m/n/10 if any( isnan(p1) | isnan(p2) | isnan(p3) )[] 
 []


Overfull \hbox (41.99963pt too wide) in paragraph at lines 300--300
[]\OT1/cmtt/m/n/10 num = 0;[] 
 []


Overfull \hbox (36.74968pt too wide) in paragraph at lines 300--300
[]\OT1/cmtt/m/n/10 return;[] 
 []


Overfull \hbox (20.99982pt too wide) in paragraph at lines 300--300
[]\OT1/cmtt/m/n/10 else[] 
 []


Overfull \hbox (41.99963pt too wide) in paragraph at lines 300--300
[]\OT1/cmtt/m/n/10 num = 1;[] 
 []


Overfull \hbox (167.99854pt too wide) in paragraph at lines 300--300
[]\OT1/cmtt/m/n/10 n = local_find_normal(p1,p2,p3);[] 
 []


Overfull \hbox (120.74895pt too wide) in paragraph at lines 300--300
[]\OT1/cmtt/m/n/10 if strcmp(mode,'ascii')[] 
 []


Overfull \hbox (335.99707pt too wide) in paragraph at lines 300--300
[]\OT1/cmtt/m/n/10 fprintf(fid,'facet normal %.7E %.7E %.7E\r\n', n(1),n(2),n(3
) );[] 
 []


Overfull \hbox (157.49863pt too wide) in paragraph at lines 300--300
[]\OT1/cmtt/m/n/10 fprintf(fid,'outer loop\r\n');[] 
 []


Overfull \hbox (236.24794pt too wide) in paragraph at lines 300--300
[]\OT1/cmtt/m/n/10 fprintf(fid,'vertex %.7E %.7E %.7E\r\n', p1);[] 
 []


Overfull \hbox (236.24794pt too wide) in paragraph at lines 300--300
[]\OT1/cmtt/m/n/10 fprintf(fid,'vertex %.7E %.7E %.7E\r\n', p2);[] 
 []


Overfull \hbox (236.24794pt too wide) in paragraph at lines 300--300
[]\OT1/cmtt/m/n/10 fprintf(fid,'vertex %.7E %.7E %.7E\r\n', p3);[] 
 []


Overfull \hbox (141.74876pt too wide) in paragraph at lines 300--300
[]\OT1/cmtt/m/n/10 fprintf(fid,'endloop\r\n');[] 
 []


Overfull \hbox (146.99872pt too wide) in paragraph at lines 300--300
[]\OT1/cmtt/m/n/10 fprintf(fid,'endfacet\r\n');[] 
 []


Overfull \hbox (20.99982pt too wide) in paragraph at lines 300--300
[]\OT1/cmtt/m/n/10 else[] 
 []


Overfull \hbox (125.9989pt too wide) in paragraph at lines 300--300
[]\OT1/cmtt/m/n/10 fwrite(fid,n,'float32');[] 
 []


Overfull \hbox (131.24886pt too wide) in paragraph at lines 300--300
[]\OT1/cmtt/m/n/10 fwrite(fid,p1,'float32');[] 
 []


Overfull \hbox (131.24886pt too wide) in paragraph at lines 300--300
[]\OT1/cmtt/m/n/10 fwrite(fid,p2,'float32');[] 
 []


Overfull \hbox (131.24886pt too wide) in paragraph at lines 300--300
[]\OT1/cmtt/m/n/10 fwrite(fid,p3,'float32');[] 
 []


Overfull \hbox (167.99854pt too wide) in paragraph at lines 300--300
[]\OT1/cmtt/m/n/10 fwrite(fid,0,'int16');  % unused[] 
 []


Overfull \hbox (15.74986pt too wide) in paragraph at lines 300--300
[]\OT1/cmtt/m/n/10 end[] 
 []


Overfull \hbox (15.74986pt too wide) in paragraph at lines 300--300
[]\OT1/cmtt/m/n/10 end[] 
 []


Overfull \hbox (209.99817pt too wide) in paragraph at lines 300--300
[]\OT1/cmtt/m/n/10 function n = local_find_normal(p1,p2,p3)[] 
 []


Overfull \hbox (57.7495pt too wide) in paragraph at lines 300--300
[]\OT1/cmtt/m/n/10 v1 = p2-p1;[] 
 []


Overfull \hbox (57.7495pt too wide) in paragraph at lines 300--300
[]\OT1/cmtt/m/n/10 v2 = p3-p1;[] 
 []


Overfull \hbox (94.49918pt too wide) in paragraph at lines 300--300
[]\OT1/cmtt/m/n/10 v3 = cross(v1,v2);[] 
 []


Overfull \hbox (141.74876pt too wide) in paragraph at lines 300--300
[]\OT1/cmtt/m/n/10 n = v3 ./sqrt(sum(v3.*v3));[] 
 []

)
! Emergency stop.
<*> codes.tex
             
*** (job aborted, no legal \end found)

 
Here is how much of TeX's memory you used:
 10 strings out of 493029
 170 string characters out of 6136234
 68325 words of memory out of 5000000
 3643 multiletter control sequences out of 15000+600000
 3808 words of font info for 15 fonts, out of 8000000 for 9000
 1141 hyphenation exceptions out of 8191
 18i,4n,14p,85b,225s stack positions out of 5000i,500n,10000p,200000b,80000s
!  ==> Fatal error occurred, no output PDF file produced!
